<?xml version="1.0" encoding="UTF-8"?>
<testsuite name="플러시 테스트" tests="1" skipped="0" failures="0" errors="0" timestamp="2023-05-05T11:20:52" hostname="MacBook-Pro-52.local" time="0.784">
  <properties/>
  <testcase name="플러쉬와 JPQL (JPQL 호출) - JPQL 쿼리를 실행하면 그 즉시 flush가 된다." classname="com.binghe.FlushTest" time="0.784"/>
  <system-out><![CDATA[Hibernate: 
    
    drop table auto_member if exists
Hibernate: 
    
    drop table member if exists
Hibernate: 
    
    create table auto_member (
       id bigint generated by default as identity,
        name varchar(255),
        primary key (id)
    )
Hibernate: 
    
    create table member (
       id bigint not null,
        name varchar(255),
        primary key (id)
    )
================ 여기까지는 쿼리가 안 날라간다. (AUTOINCREMENT를 뺀 경우) ================
================ JPQL을 호출하는 순간 1차 캐싱에서 가져오지 않고 flush하고 조회 쿼리를 통해 가져온다. ================
Hibernate: 
    /* insert com.binghe.Member
        */ insert 
        into
            member
            (name, id) 
        values
            (?, ?)
Hibernate: 
    /* insert com.binghe.Member
        */ insert 
        into
            member
            (name, id) 
        values
            (?, ?)
Hibernate: 
    /* select
        m 
    from
        Member as m */ select
            member0_.id as id1_1_,
            member0_.name as name2_1_ 
        from
            member member0_
Hibernate: 
    
    drop table auto_member if exists
Hibernate: 
    
    drop table member if exists
]]></system-out>
  <system-err><![CDATA[5월 05, 2023 8:20:52 오후 org.hibernate.jpa.internal.util.LogHelper logPersistenceUnitInformation
INFO: HHH000204: Processing PersistenceUnitInfo [
	name: test_persistence_config
	...]
5월 05, 2023 8:20:52 오후 org.hibernate.Version logVersion
INFO: HHH000412: Hibernate Core {5.3.10.Final}
5월 05, 2023 8:20:52 오후 org.hibernate.cfg.Environment <clinit>
INFO: HHH000206: hibernate.properties not found
5월 05, 2023 8:20:52 오후 org.hibernate.annotations.common.reflection.java.JavaReflectionManager <clinit>
INFO: HCANN000001: Hibernate Commons Annotations {5.0.4.Final}
5월 05, 2023 8:20:52 오후 org.hibernate.engine.jdbc.connections.internal.DriverManagerConnectionProviderImpl configure
WARN: HHH10001002: Using Hibernate built-in connection pool (not for production use!)
5월 05, 2023 8:20:52 오후 org.hibernate.engine.jdbc.connections.internal.DriverManagerConnectionProviderImpl buildCreator
INFO: HHH10001005: using driver [org.h2.Driver] at URL [jdbc:h2:tcp://localhost/~/jpa;MODE=LEGACY]
5월 05, 2023 8:20:52 오후 org.hibernate.engine.jdbc.connections.internal.DriverManagerConnectionProviderImpl buildCreator
INFO: HHH10001001: Connection properties: {user=sa}
5월 05, 2023 8:20:52 오후 org.hibernate.engine.jdbc.connections.internal.DriverManagerConnectionProviderImpl buildCreator
INFO: HHH10001003: Autocommit mode: false
5월 05, 2023 8:20:52 오후 org.hibernate.engine.jdbc.connections.internal.DriverManagerConnectionProviderImpl$PooledConnections <init>
INFO: HHH000115: Hibernate connection pool size: 20 (min=1)
5월 05, 2023 8:20:52 오후 org.hibernate.dialect.Dialect <init>
INFO: HHH000400: Using dialect: org.hibernate.dialect.H2Dialect
5월 05, 2023 8:20:52 오후 org.hibernate.resource.transaction.backend.jdbc.internal.DdlTransactionIsolatorNonJtaImpl getIsolatedConnection
INFO: HHH10001501: Connection obtained from JdbcConnectionAccess [org.hibernate.engine.jdbc.env.internal.JdbcEnvironmentInitiator$ConnectionProviderJdbcConnectionAccess@27265f33] for (non-JTA) DDL execution was not in auto-commit mode; the Connection 'local transaction' will be committed and the Connection will be set into auto-commit mode.
5월 05, 2023 8:20:52 오후 org.hibernate.resource.transaction.backend.jdbc.internal.DdlTransactionIsolatorNonJtaImpl getIsolatedConnection
INFO: HHH10001501: Connection obtained from JdbcConnectionAccess [org.hibernate.engine.jdbc.env.internal.JdbcEnvironmentInitiator$ConnectionProviderJdbcConnectionAccess@13669615] for (non-JTA) DDL execution was not in auto-commit mode; the Connection 'local transaction' will be committed and the Connection will be set into auto-commit mode.
5월 05, 2023 8:20:52 오후 org.hibernate.tool.schema.internal.SchemaCreatorImpl applyImportSources
INFO: HHH000476: Executing import script 'org.hibernate.tool.schema.internal.exec.ScriptSourceInputNonExistentImpl@6b923e1e'
5월 05, 2023 8:20:52 오후 org.hibernate.hql.internal.QueryTranslatorFactoryInitiator initiateService
INFO: HHH000397: Using ASTQueryTranslatorFactory
5월 05, 2023 8:20:52 오후 org.hibernate.tool.schema.internal.SchemaDropperImpl$DelayedDropActionImpl perform
INFO: HHH000477: Starting delayed evictData of schema as part of SessionFactory shut-down'
5월 05, 2023 8:20:52 오후 org.hibernate.resource.transaction.backend.jdbc.internal.DdlTransactionIsolatorNonJtaImpl getIsolatedConnection
INFO: HHH10001501: Connection obtained from JdbcConnectionAccess [org.hibernate.engine.jdbc.env.internal.JdbcEnvironmentInitiator$ConnectionProviderJdbcConnectionAccess@1c2e505b] for (non-JTA) DDL execution was not in auto-commit mode; the Connection 'local transaction' will be committed and the Connection will be set into auto-commit mode.
5월 05, 2023 8:20:52 오후 org.hibernate.engine.jdbc.connections.internal.DriverManagerConnectionProviderImpl stop
INFO: HHH10001008: Cleaning up connection pool [jdbc:h2:tcp://localhost/~/jpa;MODE=LEGACY]
]]></system-err>
</testsuite>
