<?xml version="1.0" encoding="UTF-8"?>
<testsuite name="벌크 연산 테스트" tests="2" skipped="0" failures="0" errors="0" timestamp="2023-05-06T10:14:10" hostname="MacBook-Pro-52.local" time="0.198">
  <properties/>
  <testcase name="벌크 연산은 영속성 컨텍스트를 무시하고 데이터베이스 직접 쿼리를 날린다. (벌크 연산을 먼저 실행하든, 영속성 컨텍스트를 초기화해주어야한다." classname="com.binghe.BulkOperationTest" time="0.151"/>
  <testcase name="벌크 연산을 사용하면 한번에 UPDATE문을 날릴 수 있다." classname="com.binghe.BulkOperationTest" time="0.047"/>
  <system-out><![CDATA[Hibernate: 
    
    drop table Member if exists
Hibernate: 
    
    drop table ORDERS if exists
Hibernate: 
    
    drop table Product if exists
Hibernate: 
    
    drop table Team if exists
Hibernate: 
    
    create table Member (
       id bigint generated by default as identity,
        age integer not null,
        name varchar(255),
        team_id bigint,
        primary key (id)
    )
Hibernate: 
    
    create table ORDERS (
       id bigint generated by default as identity,
        city varchar(255),
        street varchar(255),
        zipcode varchar(255),
        orderAmount integer not null,
        product_id bigint,
        primary key (id)
    )
Hibernate: 
    
    create table Product (
       id bigint generated by default as identity,
        name varchar(255),
        price integer not null,
        stockAmount integer not null,
        primary key (id)
    )
Hibernate: 
    
    create table Team (
       id bigint generated by default as identity,
        name varchar(255),
        primary key (id)
    )
Hibernate: 
    
    alter table Member 
       add constraint FK5nt1mnqvskefwe0nj9yjm4eav 
       foreign key (team_id) 
       references Team
Hibernate: 
    
    alter table ORDERS 
       add constraint FK5bh03ntvefpobkk6oum8h2b7p 
       foreign key (product_id) 
       references Product
Hibernate: 
    /* insert com.binghe.Member
        */ insert 
        into
            Member
            (id, age, name, team_id) 
        values
            (null, ?, ?, ?)
Hibernate: 
    /* insert com.binghe.Member
        */ insert 
        into
            Member
            (id, age, name, team_id) 
        values
            (null, ?, ?, ?)
Hibernate: 
    /* update
        Member m 
    set
        m.age = 20 */ update
            Member 
        set
            age=20
Hibernate: 
    
    drop table Member if exists
Hibernate: 
    
    drop table ORDERS if exists
Hibernate: 
    
    drop table Product if exists
Hibernate: 
    
    drop table Team if exists
Hibernate: 
    
    drop table Member if exists
Hibernate: 
    
    drop table ORDERS if exists
Hibernate: 
    
    drop table Product if exists
Hibernate: 
    
    drop table Team if exists
Hibernate: 
    
    create table Member (
       id bigint generated by default as identity,
        age integer not null,
        name varchar(255),
        team_id bigint,
        primary key (id)
    )
Hibernate: 
    
    create table ORDERS (
       id bigint generated by default as identity,
        city varchar(255),
        street varchar(255),
        zipcode varchar(255),
        orderAmount integer not null,
        product_id bigint,
        primary key (id)
    )
Hibernate: 
    
    create table Product (
       id bigint generated by default as identity,
        name varchar(255),
        price integer not null,
        stockAmount integer not null,
        primary key (id)
    )
Hibernate: 
    
    create table Team (
       id bigint generated by default as identity,
        name varchar(255),
        primary key (id)
    )
Hibernate: 
    
    alter table Member 
       add constraint FK5nt1mnqvskefwe0nj9yjm4eav 
       foreign key (team_id) 
       references Team
Hibernate: 
    
    alter table ORDERS 
       add constraint FK5bh03ntvefpobkk6oum8h2b7p 
       foreign key (product_id) 
       references Product
Hibernate: 
    /* insert com.binghe.Member
        */ insert 
        into
            Member
            (id, age, name, team_id) 
        values
            (null, ?, ?, ?)
Hibernate: 
    /* insert com.binghe.Member
        */ insert 
        into
            Member
            (id, age, name, team_id) 
        values
            (null, ?, ?, ?)
Hibernate: 
    /* update
        Member m 
    set
        m.age = 20 */ update
            Member 
        set
            age=20
Hibernate: 
    
    drop table Member if exists
Hibernate: 
    
    drop table ORDERS if exists
Hibernate: 
    
    drop table Product if exists
Hibernate: 
    
    drop table Team if exists
]]></system-out>
  <system-err><![CDATA[5월 06, 2023 7:14:10 오후 org.hibernate.jpa.internal.util.LogHelper logPersistenceUnitInformation
INFO: HHH000204: Processing PersistenceUnitInfo [
	name: test_persistence_config
	...]
5월 06, 2023 7:14:10 오후 org.hibernate.engine.jdbc.connections.internal.DriverManagerConnectionProviderImpl configure
WARN: HHH10001002: Using Hibernate built-in connection pool (not for production use!)
5월 06, 2023 7:14:10 오후 org.hibernate.engine.jdbc.connections.internal.DriverManagerConnectionProviderImpl buildCreator
INFO: HHH10001005: using driver [org.h2.Driver] at URL [jdbc:h2:tcp://localhost/~/jpa;MODE=LEGACY]
5월 06, 2023 7:14:10 오후 org.hibernate.engine.jdbc.connections.internal.DriverManagerConnectionProviderImpl buildCreator
INFO: HHH10001001: Connection properties: {user=sa}
5월 06, 2023 7:14:10 오후 org.hibernate.engine.jdbc.connections.internal.DriverManagerConnectionProviderImpl buildCreator
INFO: HHH10001003: Autocommit mode: false
5월 06, 2023 7:14:10 오후 org.hibernate.engine.jdbc.connections.internal.DriverManagerConnectionProviderImpl$PooledConnections <init>
INFO: HHH000115: Hibernate connection pool size: 20 (min=1)
5월 06, 2023 7:14:10 오후 org.hibernate.dialect.Dialect <init>
INFO: HHH000400: Using dialect: org.hibernate.dialect.H2Dialect
5월 06, 2023 7:14:10 오후 org.hibernate.resource.transaction.backend.jdbc.internal.DdlTransactionIsolatorNonJtaImpl getIsolatedConnection
INFO: HHH10001501: Connection obtained from JdbcConnectionAccess [org.hibernate.engine.jdbc.env.internal.JdbcEnvironmentInitiator$ConnectionProviderJdbcConnectionAccess@2bad52d7] for (non-JTA) DDL execution was not in auto-commit mode; the Connection 'local transaction' will be committed and the Connection will be set into auto-commit mode.
5월 06, 2023 7:14:10 오후 org.hibernate.resource.transaction.backend.jdbc.internal.DdlTransactionIsolatorNonJtaImpl getIsolatedConnection
INFO: HHH10001501: Connection obtained from JdbcConnectionAccess [org.hibernate.engine.jdbc.env.internal.JdbcEnvironmentInitiator$ConnectionProviderJdbcConnectionAccess@e0a4df4] for (non-JTA) DDL execution was not in auto-commit mode; the Connection 'local transaction' will be committed and the Connection will be set into auto-commit mode.
5월 06, 2023 7:14:10 오후 org.hibernate.tool.schema.internal.SchemaCreatorImpl applyImportSources
INFO: HHH000476: Executing import script 'org.hibernate.tool.schema.internal.exec.ScriptSourceInputNonExistentImpl@6df8da20'
5월 06, 2023 7:14:10 오후 org.hibernate.hql.internal.QueryTranslatorFactoryInitiator initiateService
INFO: HHH000397: Using ASTQueryTranslatorFactory
5월 06, 2023 7:14:10 오후 org.hibernate.tool.schema.internal.SchemaDropperImpl$DelayedDropActionImpl perform
INFO: HHH000477: Starting delayed evictData of schema as part of SessionFactory shut-down'
5월 06, 2023 7:14:10 오후 org.hibernate.resource.transaction.backend.jdbc.internal.DdlTransactionIsolatorNonJtaImpl getIsolatedConnection
INFO: HHH10001501: Connection obtained from JdbcConnectionAccess [org.hibernate.engine.jdbc.env.internal.JdbcEnvironmentInitiator$ConnectionProviderJdbcConnectionAccess@778aaad3] for (non-JTA) DDL execution was not in auto-commit mode; the Connection 'local transaction' will be committed and the Connection will be set into auto-commit mode.
5월 06, 2023 7:14:10 오후 org.hibernate.engine.jdbc.connections.internal.DriverManagerConnectionProviderImpl stop
INFO: HHH10001008: Cleaning up connection pool [jdbc:h2:tcp://localhost/~/jpa;MODE=LEGACY]
5월 06, 2023 7:14:10 오후 org.hibernate.jpa.internal.util.LogHelper logPersistenceUnitInformation
INFO: HHH000204: Processing PersistenceUnitInfo [
	name: test_persistence_config
	...]
5월 06, 2023 7:14:10 오후 org.hibernate.engine.jdbc.connections.internal.DriverManagerConnectionProviderImpl configure
WARN: HHH10001002: Using Hibernate built-in connection pool (not for production use!)
5월 06, 2023 7:14:10 오후 org.hibernate.engine.jdbc.connections.internal.DriverManagerConnectionProviderImpl buildCreator
INFO: HHH10001005: using driver [org.h2.Driver] at URL [jdbc:h2:tcp://localhost/~/jpa;MODE=LEGACY]
5월 06, 2023 7:14:10 오후 org.hibernate.engine.jdbc.connections.internal.DriverManagerConnectionProviderImpl buildCreator
INFO: HHH10001001: Connection properties: {user=sa}
5월 06, 2023 7:14:10 오후 org.hibernate.engine.jdbc.connections.internal.DriverManagerConnectionProviderImpl buildCreator
INFO: HHH10001003: Autocommit mode: false
5월 06, 2023 7:14:10 오후 org.hibernate.engine.jdbc.connections.internal.DriverManagerConnectionProviderImpl$PooledConnections <init>
INFO: HHH000115: Hibernate connection pool size: 20 (min=1)
5월 06, 2023 7:14:10 오후 org.hibernate.dialect.Dialect <init>
INFO: HHH000400: Using dialect: org.hibernate.dialect.H2Dialect
5월 06, 2023 7:14:10 오후 org.hibernate.resource.transaction.backend.jdbc.internal.DdlTransactionIsolatorNonJtaImpl getIsolatedConnection
INFO: HHH10001501: Connection obtained from JdbcConnectionAccess [org.hibernate.engine.jdbc.env.internal.JdbcEnvironmentInitiator$ConnectionProviderJdbcConnectionAccess@16ab6dc5] for (non-JTA) DDL execution was not in auto-commit mode; the Connection 'local transaction' will be committed and the Connection will be set into auto-commit mode.
5월 06, 2023 7:14:10 오후 org.hibernate.resource.transaction.backend.jdbc.internal.DdlTransactionIsolatorNonJtaImpl getIsolatedConnection
INFO: HHH10001501: Connection obtained from JdbcConnectionAccess [org.hibernate.engine.jdbc.env.internal.JdbcEnvironmentInitiator$ConnectionProviderJdbcConnectionAccess@607c06] for (non-JTA) DDL execution was not in auto-commit mode; the Connection 'local transaction' will be committed and the Connection will be set into auto-commit mode.
5월 06, 2023 7:14:10 오후 org.hibernate.tool.schema.internal.SchemaCreatorImpl applyImportSources
INFO: HHH000476: Executing import script 'org.hibernate.tool.schema.internal.exec.ScriptSourceInputNonExistentImpl@6df8da20'
5월 06, 2023 7:14:10 오후 org.hibernate.hql.internal.QueryTranslatorFactoryInitiator initiateService
INFO: HHH000397: Using ASTQueryTranslatorFactory
5월 06, 2023 7:14:10 오후 org.hibernate.tool.schema.internal.SchemaDropperImpl$DelayedDropActionImpl perform
INFO: HHH000477: Starting delayed evictData of schema as part of SessionFactory shut-down'
5월 06, 2023 7:14:10 오후 org.hibernate.resource.transaction.backend.jdbc.internal.DdlTransactionIsolatorNonJtaImpl getIsolatedConnection
INFO: HHH10001501: Connection obtained from JdbcConnectionAccess [org.hibernate.engine.jdbc.env.internal.JdbcEnvironmentInitiator$ConnectionProviderJdbcConnectionAccess@7c310cab] for (non-JTA) DDL execution was not in auto-commit mode; the Connection 'local transaction' will be committed and the Connection will be set into auto-commit mode.
5월 06, 2023 7:14:10 오후 org.hibernate.engine.jdbc.connections.internal.DriverManagerConnectionProviderImpl stop
INFO: HHH10001008: Cleaning up connection pool [jdbc:h2:tcp://localhost/~/jpa;MODE=LEGACY]
]]></system-err>
</testsuite>
