<?xml version="1.0" encoding="UTF-8"?>
<testsuite name="결과 조회 API" tests="3" skipped="0" failures="0" errors="0" timestamp="2023-05-06T10:14:11" hostname="MacBook-Pro-52.local" time="0.137">
  <properties/>
  <testcase name="getResultList() - 결과가 없으면 빈 리스트를 반환한다." classname="com.binghe.ResultApiTest" time="0.045"/>
  <testcase name="getSingleResult() - 결과가 하나도 없으면 NoResultException을 던진다." classname="com.binghe.ResultApiTest" time="0.05"/>
  <testcase name="getSingleResult() - 결과가 하나 이상이면 NonUniqueResultException을 던진다." classname="com.binghe.ResultApiTest" time="0.042"/>
  <system-out><![CDATA[Hibernate: 
    
    drop table Member if exists
Hibernate: 
    
    drop table ORDERS if exists
Hibernate: 
    
    drop table Product if exists
Hibernate: 
    
    drop table Team if exists
Hibernate: 
    
    create table Member (
       id bigint generated by default as identity,
        age integer not null,
        name varchar(255),
        team_id bigint,
        primary key (id)
    )
Hibernate: 
    
    create table ORDERS (
       id bigint generated by default as identity,
        city varchar(255),
        street varchar(255),
        zipcode varchar(255),
        orderAmount integer not null,
        product_id bigint,
        primary key (id)
    )
Hibernate: 
    
    create table Product (
       id bigint generated by default as identity,
        name varchar(255),
        price integer not null,
        stockAmount integer not null,
        primary key (id)
    )
Hibernate: 
    
    create table Team (
       id bigint generated by default as identity,
        name varchar(255),
        primary key (id)
    )
Hibernate: 
    
    alter table Member 
       add constraint FK5nt1mnqvskefwe0nj9yjm4eav 
       foreign key (team_id) 
       references Team
Hibernate: 
    
    alter table ORDERS 
       add constraint FK5bh03ntvefpobkk6oum8h2b7p 
       foreign key (product_id) 
       references Product
Hibernate: 
    /* select
        m 
    from
        Member as m */ select
            member0_.id as id1_0_,
            member0_.age as age2_0_,
            member0_.name as name3_0_,
            member0_.team_id as team_id4_0_ 
        from
            Member member0_
Hibernate: 
    
    drop table Member if exists
Hibernate: 
    
    drop table ORDERS if exists
Hibernate: 
    
    drop table Product if exists
Hibernate: 
    
    drop table Team if exists
Hibernate: 
    
    drop table Member if exists
Hibernate: 
    
    drop table ORDERS if exists
Hibernate: 
    
    drop table Product if exists
Hibernate: 
    
    drop table Team if exists
Hibernate: 
    
    create table Member (
       id bigint generated by default as identity,
        age integer not null,
        name varchar(255),
        team_id bigint,
        primary key (id)
    )
Hibernate: 
    
    create table ORDERS (
       id bigint generated by default as identity,
        city varchar(255),
        street varchar(255),
        zipcode varchar(255),
        orderAmount integer not null,
        product_id bigint,
        primary key (id)
    )
Hibernate: 
    
    create table Product (
       id bigint generated by default as identity,
        name varchar(255),
        price integer not null,
        stockAmount integer not null,
        primary key (id)
    )
Hibernate: 
    
    create table Team (
       id bigint generated by default as identity,
        name varchar(255),
        primary key (id)
    )
Hibernate: 
    
    alter table Member 
       add constraint FK5nt1mnqvskefwe0nj9yjm4eav 
       foreign key (team_id) 
       references Team
Hibernate: 
    
    alter table ORDERS 
       add constraint FK5bh03ntvefpobkk6oum8h2b7p 
       foreign key (product_id) 
       references Product
Hibernate: 
    /* select
        m 
    from
        Member as m */ select
            member0_.id as id1_0_,
            member0_.age as age2_0_,
            member0_.name as name3_0_,
            member0_.team_id as team_id4_0_ 
        from
            Member member0_
Hibernate: 
    
    drop table Member if exists
Hibernate: 
    
    drop table ORDERS if exists
Hibernate: 
    
    drop table Product if exists
Hibernate: 
    
    drop table Team if exists
Hibernate: 
    
    drop table Member if exists
Hibernate: 
    
    drop table ORDERS if exists
Hibernate: 
    
    drop table Product if exists
Hibernate: 
    
    drop table Team if exists
Hibernate: 
    
    create table Member (
       id bigint generated by default as identity,
        age integer not null,
        name varchar(255),
        team_id bigint,
        primary key (id)
    )
Hibernate: 
    
    create table ORDERS (
       id bigint generated by default as identity,
        city varchar(255),
        street varchar(255),
        zipcode varchar(255),
        orderAmount integer not null,
        product_id bigint,
        primary key (id)
    )
Hibernate: 
    
    create table Product (
       id bigint generated by default as identity,
        name varchar(255),
        price integer not null,
        stockAmount integer not null,
        primary key (id)
    )
Hibernate: 
    
    create table Team (
       id bigint generated by default as identity,
        name varchar(255),
        primary key (id)
    )
Hibernate: 
    
    alter table Member 
       add constraint FK5nt1mnqvskefwe0nj9yjm4eav 
       foreign key (team_id) 
       references Team
Hibernate: 
    
    alter table ORDERS 
       add constraint FK5bh03ntvefpobkk6oum8h2b7p 
       foreign key (product_id) 
       references Product
Hibernate: 
    /* insert com.binghe.Member
        */ insert 
        into
            Member
            (id, age, name, team_id) 
        values
            (null, ?, ?, ?)
Hibernate: 
    /* insert com.binghe.Member
        */ insert 
        into
            Member
            (id, age, name, team_id) 
        values
            (null, ?, ?, ?)
Hibernate: 
    /* select
        m 
    from
        Member as m */ select
            member0_.id as id1_0_,
            member0_.age as age2_0_,
            member0_.name as name3_0_,
            member0_.team_id as team_id4_0_ 
        from
            Member member0_
Hibernate: 
    
    drop table Member if exists
Hibernate: 
    
    drop table ORDERS if exists
Hibernate: 
    
    drop table Product if exists
Hibernate: 
    
    drop table Team if exists
]]></system-out>
  <system-err><![CDATA[5월 06, 2023 7:14:11 오후 org.hibernate.jpa.internal.util.LogHelper logPersistenceUnitInformation
INFO: HHH000204: Processing PersistenceUnitInfo [
	name: test_persistence_config
	...]
5월 06, 2023 7:14:11 오후 org.hibernate.engine.jdbc.connections.internal.DriverManagerConnectionProviderImpl configure
WARN: HHH10001002: Using Hibernate built-in connection pool (not for production use!)
5월 06, 2023 7:14:11 오후 org.hibernate.engine.jdbc.connections.internal.DriverManagerConnectionProviderImpl buildCreator
INFO: HHH10001005: using driver [org.h2.Driver] at URL [jdbc:h2:tcp://localhost/~/jpa;MODE=LEGACY]
5월 06, 2023 7:14:11 오후 org.hibernate.engine.jdbc.connections.internal.DriverManagerConnectionProviderImpl buildCreator
INFO: HHH10001001: Connection properties: {user=sa}
5월 06, 2023 7:14:11 오후 org.hibernate.engine.jdbc.connections.internal.DriverManagerConnectionProviderImpl buildCreator
INFO: HHH10001003: Autocommit mode: false
5월 06, 2023 7:14:11 오후 org.hibernate.engine.jdbc.connections.internal.DriverManagerConnectionProviderImpl$PooledConnections <init>
INFO: HHH000115: Hibernate connection pool size: 20 (min=1)
5월 06, 2023 7:14:11 오후 org.hibernate.dialect.Dialect <init>
INFO: HHH000400: Using dialect: org.hibernate.dialect.H2Dialect
5월 06, 2023 7:14:11 오후 org.hibernate.resource.transaction.backend.jdbc.internal.DdlTransactionIsolatorNonJtaImpl getIsolatedConnection
INFO: HHH10001501: Connection obtained from JdbcConnectionAccess [org.hibernate.engine.jdbc.env.internal.JdbcEnvironmentInitiator$ConnectionProviderJdbcConnectionAccess@582ec28e] for (non-JTA) DDL execution was not in auto-commit mode; the Connection 'local transaction' will be committed and the Connection will be set into auto-commit mode.
5월 06, 2023 7:14:11 오후 org.hibernate.resource.transaction.backend.jdbc.internal.DdlTransactionIsolatorNonJtaImpl getIsolatedConnection
INFO: HHH10001501: Connection obtained from JdbcConnectionAccess [org.hibernate.engine.jdbc.env.internal.JdbcEnvironmentInitiator$ConnectionProviderJdbcConnectionAccess@55195f72] for (non-JTA) DDL execution was not in auto-commit mode; the Connection 'local transaction' will be committed and the Connection will be set into auto-commit mode.
5월 06, 2023 7:14:11 오후 org.hibernate.tool.schema.internal.SchemaCreatorImpl applyImportSources
INFO: HHH000476: Executing import script 'org.hibernate.tool.schema.internal.exec.ScriptSourceInputNonExistentImpl@6df8da20'
5월 06, 2023 7:14:11 오후 org.hibernate.hql.internal.QueryTranslatorFactoryInitiator initiateService
INFO: HHH000397: Using ASTQueryTranslatorFactory
5월 06, 2023 7:14:11 오후 org.hibernate.tool.schema.internal.SchemaDropperImpl$DelayedDropActionImpl perform
INFO: HHH000477: Starting delayed evictData of schema as part of SessionFactory shut-down'
5월 06, 2023 7:14:11 오후 org.hibernate.resource.transaction.backend.jdbc.internal.DdlTransactionIsolatorNonJtaImpl getIsolatedConnection
INFO: HHH10001501: Connection obtained from JdbcConnectionAccess [org.hibernate.engine.jdbc.env.internal.JdbcEnvironmentInitiator$ConnectionProviderJdbcConnectionAccess@ba81100] for (non-JTA) DDL execution was not in auto-commit mode; the Connection 'local transaction' will be committed and the Connection will be set into auto-commit mode.
5월 06, 2023 7:14:11 오후 org.hibernate.engine.jdbc.connections.internal.DriverManagerConnectionProviderImpl stop
INFO: HHH10001008: Cleaning up connection pool [jdbc:h2:tcp://localhost/~/jpa;MODE=LEGACY]
5월 06, 2023 7:14:11 오후 org.hibernate.jpa.internal.util.LogHelper logPersistenceUnitInformation
INFO: HHH000204: Processing PersistenceUnitInfo [
	name: test_persistence_config
	...]
5월 06, 2023 7:14:11 오후 org.hibernate.engine.jdbc.connections.internal.DriverManagerConnectionProviderImpl configure
WARN: HHH10001002: Using Hibernate built-in connection pool (not for production use!)
5월 06, 2023 7:14:11 오후 org.hibernate.engine.jdbc.connections.internal.DriverManagerConnectionProviderImpl buildCreator
INFO: HHH10001005: using driver [org.h2.Driver] at URL [jdbc:h2:tcp://localhost/~/jpa;MODE=LEGACY]
5월 06, 2023 7:14:11 오후 org.hibernate.engine.jdbc.connections.internal.DriverManagerConnectionProviderImpl buildCreator
INFO: HHH10001001: Connection properties: {user=sa}
5월 06, 2023 7:14:11 오후 org.hibernate.engine.jdbc.connections.internal.DriverManagerConnectionProviderImpl buildCreator
INFO: HHH10001003: Autocommit mode: false
5월 06, 2023 7:14:11 오후 org.hibernate.engine.jdbc.connections.internal.DriverManagerConnectionProviderImpl$PooledConnections <init>
INFO: HHH000115: Hibernate connection pool size: 20 (min=1)
5월 06, 2023 7:14:11 오후 org.hibernate.dialect.Dialect <init>
INFO: HHH000400: Using dialect: org.hibernate.dialect.H2Dialect
5월 06, 2023 7:14:11 오후 org.hibernate.resource.transaction.backend.jdbc.internal.DdlTransactionIsolatorNonJtaImpl getIsolatedConnection
INFO: HHH10001501: Connection obtained from JdbcConnectionAccess [org.hibernate.engine.jdbc.env.internal.JdbcEnvironmentInitiator$ConnectionProviderJdbcConnectionAccess@201b06d7] for (non-JTA) DDL execution was not in auto-commit mode; the Connection 'local transaction' will be committed and the Connection will be set into auto-commit mode.
5월 06, 2023 7:14:11 오후 org.hibernate.resource.transaction.backend.jdbc.internal.DdlTransactionIsolatorNonJtaImpl getIsolatedConnection
INFO: HHH10001501: Connection obtained from JdbcConnectionAccess [org.hibernate.engine.jdbc.env.internal.JdbcEnvironmentInitiator$ConnectionProviderJdbcConnectionAccess@610ac92f] for (non-JTA) DDL execution was not in auto-commit mode; the Connection 'local transaction' will be committed and the Connection will be set into auto-commit mode.
5월 06, 2023 7:14:11 오후 org.hibernate.tool.schema.internal.SchemaCreatorImpl applyImportSources
INFO: HHH000476: Executing import script 'org.hibernate.tool.schema.internal.exec.ScriptSourceInputNonExistentImpl@6df8da20'
5월 06, 2023 7:14:11 오후 org.hibernate.hql.internal.QueryTranslatorFactoryInitiator initiateService
INFO: HHH000397: Using ASTQueryTranslatorFactory
5월 06, 2023 7:14:11 오후 org.hibernate.tool.schema.internal.SchemaDropperImpl$DelayedDropActionImpl perform
INFO: HHH000477: Starting delayed evictData of schema as part of SessionFactory shut-down'
5월 06, 2023 7:14:11 오후 org.hibernate.resource.transaction.backend.jdbc.internal.DdlTransactionIsolatorNonJtaImpl getIsolatedConnection
INFO: HHH10001501: Connection obtained from JdbcConnectionAccess [org.hibernate.engine.jdbc.env.internal.JdbcEnvironmentInitiator$ConnectionProviderJdbcConnectionAccess@40be7d2c] for (non-JTA) DDL execution was not in auto-commit mode; the Connection 'local transaction' will be committed and the Connection will be set into auto-commit mode.
5월 06, 2023 7:14:11 오후 org.hibernate.engine.jdbc.connections.internal.DriverManagerConnectionProviderImpl stop
INFO: HHH10001008: Cleaning up connection pool [jdbc:h2:tcp://localhost/~/jpa;MODE=LEGACY]
5월 06, 2023 7:14:11 오후 org.hibernate.jpa.internal.util.LogHelper logPersistenceUnitInformation
INFO: HHH000204: Processing PersistenceUnitInfo [
	name: test_persistence_config
	...]
5월 06, 2023 7:14:11 오후 org.hibernate.engine.jdbc.connections.internal.DriverManagerConnectionProviderImpl configure
WARN: HHH10001002: Using Hibernate built-in connection pool (not for production use!)
5월 06, 2023 7:14:11 오후 org.hibernate.engine.jdbc.connections.internal.DriverManagerConnectionProviderImpl buildCreator
INFO: HHH10001005: using driver [org.h2.Driver] at URL [jdbc:h2:tcp://localhost/~/jpa;MODE=LEGACY]
5월 06, 2023 7:14:11 오후 org.hibernate.engine.jdbc.connections.internal.DriverManagerConnectionProviderImpl buildCreator
INFO: HHH10001001: Connection properties: {user=sa}
5월 06, 2023 7:14:11 오후 org.hibernate.engine.jdbc.connections.internal.DriverManagerConnectionProviderImpl buildCreator
INFO: HHH10001003: Autocommit mode: false
5월 06, 2023 7:14:11 오후 org.hibernate.engine.jdbc.connections.internal.DriverManagerConnectionProviderImpl$PooledConnections <init>
INFO: HHH000115: Hibernate connection pool size: 20 (min=1)
5월 06, 2023 7:14:11 오후 org.hibernate.dialect.Dialect <init>
INFO: HHH000400: Using dialect: org.hibernate.dialect.H2Dialect
5월 06, 2023 7:14:11 오후 org.hibernate.resource.transaction.backend.jdbc.internal.DdlTransactionIsolatorNonJtaImpl getIsolatedConnection
INFO: HHH10001501: Connection obtained from JdbcConnectionAccess [org.hibernate.engine.jdbc.env.internal.JdbcEnvironmentInitiator$ConnectionProviderJdbcConnectionAccess@2a3a0ce5] for (non-JTA) DDL execution was not in auto-commit mode; the Connection 'local transaction' will be committed and the Connection will be set into auto-commit mode.
5월 06, 2023 7:14:11 오후 org.hibernate.resource.transaction.backend.jdbc.internal.DdlTransactionIsolatorNonJtaImpl getIsolatedConnection
INFO: HHH10001501: Connection obtained from JdbcConnectionAccess [org.hibernate.engine.jdbc.env.internal.JdbcEnvironmentInitiator$ConnectionProviderJdbcConnectionAccess@1f426ed1] for (non-JTA) DDL execution was not in auto-commit mode; the Connection 'local transaction' will be committed and the Connection will be set into auto-commit mode.
5월 06, 2023 7:14:11 오후 org.hibernate.tool.schema.internal.SchemaCreatorImpl applyImportSources
INFO: HHH000476: Executing import script 'org.hibernate.tool.schema.internal.exec.ScriptSourceInputNonExistentImpl@6df8da20'
5월 06, 2023 7:14:11 오후 org.hibernate.hql.internal.QueryTranslatorFactoryInitiator initiateService
INFO: HHH000397: Using ASTQueryTranslatorFactory
5월 06, 2023 7:14:11 오후 org.hibernate.tool.schema.internal.SchemaDropperImpl$DelayedDropActionImpl perform
INFO: HHH000477: Starting delayed evictData of schema as part of SessionFactory shut-down'
5월 06, 2023 7:14:11 오후 org.hibernate.resource.transaction.backend.jdbc.internal.DdlTransactionIsolatorNonJtaImpl getIsolatedConnection
INFO: HHH10001501: Connection obtained from JdbcConnectionAccess [org.hibernate.engine.jdbc.env.internal.JdbcEnvironmentInitiator$ConnectionProviderJdbcConnectionAccess@4fe76ab1] for (non-JTA) DDL execution was not in auto-commit mode; the Connection 'local transaction' will be committed and the Connection will be set into auto-commit mode.
5월 06, 2023 7:14:11 오후 org.hibernate.engine.jdbc.connections.internal.DriverManagerConnectionProviderImpl stop
INFO: HHH10001008: Cleaning up connection pool [jdbc:h2:tcp://localhost/~/jpa;MODE=LEGACY]
]]></system-err>
</testsuite>
