<?xml version="1.0" encoding="UTF-8"?>
<testsuite name="조인 테스트" tests="5" skipped="0" failures="0" errors="0" timestamp="2023-05-06T10:14:09" hostname="MacBook-Pro-52.local" time="0.352">
  <properties/>
  <testcase name="내부 조인 (INNER JOIN)" classname="com.binghe.JoinTest" time="0.088"/>
  <testcase name="ON 절 - 연관관계 없는 엔티티 외부 조인 (회원의 이름과 팀의 이름이 같은 대상 외부 조인)" classname="com.binghe.JoinTest" time="0.067"/>
  <testcase name="세타 조인 (cross join)" classname="com.binghe.JoinTest" time="0.066"/>
  <testcase name="ON 절 - 조인 대상 필터링 (회원과 팀을 조인하면서, 팀 이름이 A인 팀만 조인)" classname="com.binghe.JoinTest" time="0.067"/>
  <testcase name="외부 조인 (OUTER JOIN)" classname="com.binghe.JoinTest" time="0.062"/>
  <system-out><![CDATA[Hibernate: 
    
    drop table Member if exists
Hibernate: 
    
    drop table ORDERS if exists
Hibernate: 
    
    drop table Product if exists
Hibernate: 
    
    drop table Team if exists
Hibernate: 
    
    create table Member (
       id bigint generated by default as identity,
        age integer not null,
        name varchar(255),
        team_id bigint,
        primary key (id)
    )
Hibernate: 
    
    create table ORDERS (
       id bigint generated by default as identity,
        city varchar(255),
        street varchar(255),
        zipcode varchar(255),
        orderAmount integer not null,
        product_id bigint,
        primary key (id)
    )
Hibernate: 
    
    create table Product (
       id bigint generated by default as identity,
        name varchar(255),
        price integer not null,
        stockAmount integer not null,
        primary key (id)
    )
Hibernate: 
    
    create table Team (
       id bigint generated by default as identity,
        name varchar(255),
        primary key (id)
    )
Hibernate: 
    
    alter table Member 
       add constraint FK5nt1mnqvskefwe0nj9yjm4eav 
       foreign key (team_id) 
       references Team
Hibernate: 
    
    alter table ORDERS 
       add constraint FK5bh03ntvefpobkk6oum8h2b7p 
       foreign key (product_id) 
       references Product
Hibernate: 
    /* insert com.binghe.Team
        */ insert 
        into
            Team
            (id, name) 
        values
            (null, ?)
Hibernate: 
    /* insert com.binghe.Member
        */ insert 
        into
            Member
            (id, age, name, team_id) 
        values
            (null, ?, ?, ?)
Hibernate: 
    /* select
        m 
    from
        Member as m 
    inner join
        m.team as t */ select
            member0_.id as id1_0_,
            member0_.age as age2_0_,
            member0_.name as name3_0_,
            member0_.team_id as team_id4_0_ 
        from
            Member member0_ 
        inner join
            Team team1_ 
                on member0_.team_id=team1_.id
Hibernate: 
    select
        team0_.id as id1_3_0_,
        team0_.name as name2_3_0_ 
    from
        Team team0_ 
    where
        team0_.id=?
Hibernate: 
    
    drop table Member if exists
Hibernate: 
    
    drop table ORDERS if exists
Hibernate: 
    
    drop table Product if exists
Hibernate: 
    
    drop table Team if exists
Hibernate: 
    
    drop table Member if exists
Hibernate: 
    
    drop table ORDERS if exists
Hibernate: 
    
    drop table Product if exists
Hibernate: 
    
    drop table Team if exists
Hibernate: 
    
    create table Member (
       id bigint generated by default as identity,
        age integer not null,
        name varchar(255),
        team_id bigint,
        primary key (id)
    )
Hibernate: 
    
    create table ORDERS (
       id bigint generated by default as identity,
        city varchar(255),
        street varchar(255),
        zipcode varchar(255),
        orderAmount integer not null,
        product_id bigint,
        primary key (id)
    )
Hibernate: 
    
    create table Product (
       id bigint generated by default as identity,
        name varchar(255),
        price integer not null,
        stockAmount integer not null,
        primary key (id)
    )
Hibernate: 
    
    create table Team (
       id bigint generated by default as identity,
        name varchar(255),
        primary key (id)
    )
Hibernate: 
    
    alter table Member 
       add constraint FK5nt1mnqvskefwe0nj9yjm4eav 
       foreign key (team_id) 
       references Team
Hibernate: 
    
    alter table ORDERS 
       add constraint FK5bh03ntvefpobkk6oum8h2b7p 
       foreign key (product_id) 
       references Product
Hibernate: 
    /* insert com.binghe.Team
        */ insert 
        into
            Team
            (id, name) 
        values
            (null, ?)
Hibernate: 
    /* insert com.binghe.Member
        */ insert 
        into
            Member
            (id, age, name, team_id) 
        values
            (null, ?, ?, ?)
Hibernate: 
    /* select
        m 
    from
        Member as m 
    left join
        Team t 
            on m.name = t.name */ select
                member0_.id as id1_0_,
                member0_.age as age2_0_,
                member0_.name as name3_0_,
                member0_.team_id as team_id4_0_ 
        from
            Member member0_ 
        left outer join
            Team team1_ 
                on (
                    member0_.name=team1_.name
                )
Hibernate: 
    select
        team0_.id as id1_3_0_,
        team0_.name as name2_3_0_ 
    from
        Team team0_ 
    where
        team0_.id=?
Hibernate: 
    
    drop table Member if exists
Hibernate: 
    
    drop table ORDERS if exists
Hibernate: 
    
    drop table Product if exists
Hibernate: 
    
    drop table Team if exists
Hibernate: 
    
    drop table Member if exists
Hibernate: 
    
    drop table ORDERS if exists
Hibernate: 
    
    drop table Product if exists
Hibernate: 
    
    drop table Team if exists
Hibernate: 
    
    create table Member (
       id bigint generated by default as identity,
        age integer not null,
        name varchar(255),
        team_id bigint,
        primary key (id)
    )
Hibernate: 
    
    create table ORDERS (
       id bigint generated by default as identity,
        city varchar(255),
        street varchar(255),
        zipcode varchar(255),
        orderAmount integer not null,
        product_id bigint,
        primary key (id)
    )
Hibernate: 
    
    create table Product (
       id bigint generated by default as identity,
        name varchar(255),
        price integer not null,
        stockAmount integer not null,
        primary key (id)
    )
Hibernate: 
    
    create table Team (
       id bigint generated by default as identity,
        name varchar(255),
        primary key (id)
    )
Hibernate: 
    
    alter table Member 
       add constraint FK5nt1mnqvskefwe0nj9yjm4eav 
       foreign key (team_id) 
       references Team
Hibernate: 
    
    alter table ORDERS 
       add constraint FK5bh03ntvefpobkk6oum8h2b7p 
       foreign key (product_id) 
       references Product
Hibernate: 
    /* insert com.binghe.Team
        */ insert 
        into
            Team
            (id, name) 
        values
            (null, ?)
Hibernate: 
    /* insert com.binghe.Member
        */ insert 
        into
            Member
            (id, age, name, team_id) 
        values
            (null, ?, ?, ?)
Hibernate: 
    /* select
        m 
    from
        Member as m,
        Team as t 
    where
        m.name = t.name */ select
            member0_.id as id1_0_,
            member0_.age as age2_0_,
            member0_.name as name3_0_,
            member0_.team_id as team_id4_0_ 
        from
            Member member0_ cross 
        join
            Team team1_ 
        where
            member0_.name=team1_.name
Hibernate: 
    select
        team0_.id as id1_3_0_,
        team0_.name as name2_3_0_ 
    from
        Team team0_ 
    where
        team0_.id=?
Hibernate: 
    
    drop table Member if exists
Hibernate: 
    
    drop table ORDERS if exists
Hibernate: 
    
    drop table Product if exists
Hibernate: 
    
    drop table Team if exists
Hibernate: 
    
    drop table Member if exists
Hibernate: 
    
    drop table ORDERS if exists
Hibernate: 
    
    drop table Product if exists
Hibernate: 
    
    drop table Team if exists
Hibernate: 
    
    create table Member (
       id bigint generated by default as identity,
        age integer not null,
        name varchar(255),
        team_id bigint,
        primary key (id)
    )
Hibernate: 
    
    create table ORDERS (
       id bigint generated by default as identity,
        city varchar(255),
        street varchar(255),
        zipcode varchar(255),
        orderAmount integer not null,
        product_id bigint,
        primary key (id)
    )
Hibernate: 
    
    create table Product (
       id bigint generated by default as identity,
        name varchar(255),
        price integer not null,
        stockAmount integer not null,
        primary key (id)
    )
Hibernate: 
    
    create table Team (
       id bigint generated by default as identity,
        name varchar(255),
        primary key (id)
    )
Hibernate: 
    
    alter table Member 
       add constraint FK5nt1mnqvskefwe0nj9yjm4eav 
       foreign key (team_id) 
       references Team
Hibernate: 
    
    alter table ORDERS 
       add constraint FK5bh03ntvefpobkk6oum8h2b7p 
       foreign key (product_id) 
       references Product
Hibernate: 
    /* insert com.binghe.Team
        */ insert 
        into
            Team
            (id, name) 
        values
            (null, ?)
Hibernate: 
    /* insert com.binghe.Member
        */ insert 
        into
            Member
            (id, age, name, team_id) 
        values
            (null, ?, ?, ?)
Hibernate: 
    /* select
        m 
    from
        Member as m 
    left join
        Team t 
            ON t.name=:name */ select
                member0_.id as id1_0_,
                member0_.age as age2_0_,
                member0_.name as name3_0_,
                member0_.team_id as team_id4_0_ 
        from
            Member member0_ 
        left outer join
            Team team1_ 
                on (
                    team1_.name=?
                )
Hibernate: 
    select
        team0_.id as id1_3_0_,
        team0_.name as name2_3_0_ 
    from
        Team team0_ 
    where
        team0_.id=?
Hibernate: 
    
    drop table Member if exists
Hibernate: 
    
    drop table ORDERS if exists
Hibernate: 
    
    drop table Product if exists
Hibernate: 
    
    drop table Team if exists
Hibernate: 
    
    drop table Member if exists
Hibernate: 
    
    drop table ORDERS if exists
Hibernate: 
    
    drop table Product if exists
Hibernate: 
    
    drop table Team if exists
Hibernate: 
    
    create table Member (
       id bigint generated by default as identity,
        age integer not null,
        name varchar(255),
        team_id bigint,
        primary key (id)
    )
Hibernate: 
    
    create table ORDERS (
       id bigint generated by default as identity,
        city varchar(255),
        street varchar(255),
        zipcode varchar(255),
        orderAmount integer not null,
        product_id bigint,
        primary key (id)
    )
Hibernate: 
    
    create table Product (
       id bigint generated by default as identity,
        name varchar(255),
        price integer not null,
        stockAmount integer not null,
        primary key (id)
    )
Hibernate: 
    
    create table Team (
       id bigint generated by default as identity,
        name varchar(255),
        primary key (id)
    )
Hibernate: 
    
    alter table Member 
       add constraint FK5nt1mnqvskefwe0nj9yjm4eav 
       foreign key (team_id) 
       references Team
Hibernate: 
    
    alter table ORDERS 
       add constraint FK5bh03ntvefpobkk6oum8h2b7p 
       foreign key (product_id) 
       references Product
Hibernate: 
    /* insert com.binghe.Team
        */ insert 
        into
            Team
            (id, name) 
        values
            (null, ?)
Hibernate: 
    /* insert com.binghe.Member
        */ insert 
        into
            Member
            (id, age, name, team_id) 
        values
            (null, ?, ?, ?)
Hibernate: 
    /* select
        m 
    from
        Member as m 
    left outer join
        m.team as t */ select
            member0_.id as id1_0_,
            member0_.age as age2_0_,
            member0_.name as name3_0_,
            member0_.team_id as team_id4_0_ 
        from
            Member member0_ 
        left outer join
            Team team1_ 
                on member0_.team_id=team1_.id
Hibernate: 
    select
        team0_.id as id1_3_0_,
        team0_.name as name2_3_0_ 
    from
        Team team0_ 
    where
        team0_.id=?
Hibernate: 
    
    drop table Member if exists
Hibernate: 
    
    drop table ORDERS if exists
Hibernate: 
    
    drop table Product if exists
Hibernate: 
    
    drop table Team if exists
]]></system-out>
  <system-err><![CDATA[5월 06, 2023 7:14:09 오후 org.hibernate.jpa.internal.util.LogHelper logPersistenceUnitInformation
INFO: HHH000204: Processing PersistenceUnitInfo [
	name: test_persistence_config
	...]
5월 06, 2023 7:14:09 오후 org.hibernate.engine.jdbc.connections.internal.DriverManagerConnectionProviderImpl configure
WARN: HHH10001002: Using Hibernate built-in connection pool (not for production use!)
5월 06, 2023 7:14:09 오후 org.hibernate.engine.jdbc.connections.internal.DriverManagerConnectionProviderImpl buildCreator
INFO: HHH10001005: using driver [org.h2.Driver] at URL [jdbc:h2:tcp://localhost/~/jpa;MODE=LEGACY]
5월 06, 2023 7:14:09 오후 org.hibernate.engine.jdbc.connections.internal.DriverManagerConnectionProviderImpl buildCreator
INFO: HHH10001001: Connection properties: {user=sa}
5월 06, 2023 7:14:09 오후 org.hibernate.engine.jdbc.connections.internal.DriverManagerConnectionProviderImpl buildCreator
INFO: HHH10001003: Autocommit mode: false
5월 06, 2023 7:14:09 오후 org.hibernate.engine.jdbc.connections.internal.DriverManagerConnectionProviderImpl$PooledConnections <init>
INFO: HHH000115: Hibernate connection pool size: 20 (min=1)
5월 06, 2023 7:14:09 오후 org.hibernate.dialect.Dialect <init>
INFO: HHH000400: Using dialect: org.hibernate.dialect.H2Dialect
5월 06, 2023 7:14:09 오후 org.hibernate.resource.transaction.backend.jdbc.internal.DdlTransactionIsolatorNonJtaImpl getIsolatedConnection
INFO: HHH10001501: Connection obtained from JdbcConnectionAccess [org.hibernate.engine.jdbc.env.internal.JdbcEnvironmentInitiator$ConnectionProviderJdbcConnectionAccess@187ffe4d] for (non-JTA) DDL execution was not in auto-commit mode; the Connection 'local transaction' will be committed and the Connection will be set into auto-commit mode.
5월 06, 2023 7:14:09 오후 org.hibernate.resource.transaction.backend.jdbc.internal.DdlTransactionIsolatorNonJtaImpl getIsolatedConnection
INFO: HHH10001501: Connection obtained from JdbcConnectionAccess [org.hibernate.engine.jdbc.env.internal.JdbcEnvironmentInitiator$ConnectionProviderJdbcConnectionAccess@5fbf1b3d] for (non-JTA) DDL execution was not in auto-commit mode; the Connection 'local transaction' will be committed and the Connection will be set into auto-commit mode.
5월 06, 2023 7:14:09 오후 org.hibernate.tool.schema.internal.SchemaCreatorImpl applyImportSources
INFO: HHH000476: Executing import script 'org.hibernate.tool.schema.internal.exec.ScriptSourceInputNonExistentImpl@6df8da20'
5월 06, 2023 7:14:09 오후 org.hibernate.hql.internal.QueryTranslatorFactoryInitiator initiateService
INFO: HHH000397: Using ASTQueryTranslatorFactory
5월 06, 2023 7:14:09 오후 org.hibernate.tool.schema.internal.SchemaDropperImpl$DelayedDropActionImpl perform
INFO: HHH000477: Starting delayed evictData of schema as part of SessionFactory shut-down'
5월 06, 2023 7:14:09 오후 org.hibernate.resource.transaction.backend.jdbc.internal.DdlTransactionIsolatorNonJtaImpl getIsolatedConnection
INFO: HHH10001501: Connection obtained from JdbcConnectionAccess [org.hibernate.engine.jdbc.env.internal.JdbcEnvironmentInitiator$ConnectionProviderJdbcConnectionAccess@3386952b] for (non-JTA) DDL execution was not in auto-commit mode; the Connection 'local transaction' will be committed and the Connection will be set into auto-commit mode.
5월 06, 2023 7:14:09 오후 org.hibernate.engine.jdbc.connections.internal.DriverManagerConnectionProviderImpl stop
INFO: HHH10001008: Cleaning up connection pool [jdbc:h2:tcp://localhost/~/jpa;MODE=LEGACY]
5월 06, 2023 7:14:09 오후 org.hibernate.jpa.internal.util.LogHelper logPersistenceUnitInformation
INFO: HHH000204: Processing PersistenceUnitInfo [
	name: test_persistence_config
	...]
5월 06, 2023 7:14:09 오후 org.hibernate.engine.jdbc.connections.internal.DriverManagerConnectionProviderImpl configure
WARN: HHH10001002: Using Hibernate built-in connection pool (not for production use!)
5월 06, 2023 7:14:09 오후 org.hibernate.engine.jdbc.connections.internal.DriverManagerConnectionProviderImpl buildCreator
INFO: HHH10001005: using driver [org.h2.Driver] at URL [jdbc:h2:tcp://localhost/~/jpa;MODE=LEGACY]
5월 06, 2023 7:14:09 오후 org.hibernate.engine.jdbc.connections.internal.DriverManagerConnectionProviderImpl buildCreator
INFO: HHH10001001: Connection properties: {user=sa}
5월 06, 2023 7:14:09 오후 org.hibernate.engine.jdbc.connections.internal.DriverManagerConnectionProviderImpl buildCreator
INFO: HHH10001003: Autocommit mode: false
5월 06, 2023 7:14:09 오후 org.hibernate.engine.jdbc.connections.internal.DriverManagerConnectionProviderImpl$PooledConnections <init>
INFO: HHH000115: Hibernate connection pool size: 20 (min=1)
5월 06, 2023 7:14:09 오후 org.hibernate.dialect.Dialect <init>
INFO: HHH000400: Using dialect: org.hibernate.dialect.H2Dialect
5월 06, 2023 7:14:09 오후 org.hibernate.resource.transaction.backend.jdbc.internal.DdlTransactionIsolatorNonJtaImpl getIsolatedConnection
INFO: HHH10001501: Connection obtained from JdbcConnectionAccess [org.hibernate.engine.jdbc.env.internal.JdbcEnvironmentInitiator$ConnectionProviderJdbcConnectionAccess@1ebaaa83] for (non-JTA) DDL execution was not in auto-commit mode; the Connection 'local transaction' will be committed and the Connection will be set into auto-commit mode.
5월 06, 2023 7:14:09 오후 org.hibernate.resource.transaction.backend.jdbc.internal.DdlTransactionIsolatorNonJtaImpl getIsolatedConnection
INFO: HHH10001501: Connection obtained from JdbcConnectionAccess [org.hibernate.engine.jdbc.env.internal.JdbcEnvironmentInitiator$ConnectionProviderJdbcConnectionAccess@75a85aa4] for (non-JTA) DDL execution was not in auto-commit mode; the Connection 'local transaction' will be committed and the Connection will be set into auto-commit mode.
5월 06, 2023 7:14:09 오후 org.hibernate.tool.schema.internal.SchemaCreatorImpl applyImportSources
INFO: HHH000476: Executing import script 'org.hibernate.tool.schema.internal.exec.ScriptSourceInputNonExistentImpl@6df8da20'
5월 06, 2023 7:14:09 오후 org.hibernate.hql.internal.QueryTranslatorFactoryInitiator initiateService
INFO: HHH000397: Using ASTQueryTranslatorFactory
5월 06, 2023 7:14:09 오후 org.hibernate.tool.schema.internal.SchemaDropperImpl$DelayedDropActionImpl perform
INFO: HHH000477: Starting delayed evictData of schema as part of SessionFactory shut-down'
5월 06, 2023 7:14:09 오후 org.hibernate.resource.transaction.backend.jdbc.internal.DdlTransactionIsolatorNonJtaImpl getIsolatedConnection
INFO: HHH10001501: Connection obtained from JdbcConnectionAccess [org.hibernate.engine.jdbc.env.internal.JdbcEnvironmentInitiator$ConnectionProviderJdbcConnectionAccess@554ee1f0] for (non-JTA) DDL execution was not in auto-commit mode; the Connection 'local transaction' will be committed and the Connection will be set into auto-commit mode.
5월 06, 2023 7:14:09 오후 org.hibernate.engine.jdbc.connections.internal.DriverManagerConnectionProviderImpl stop
INFO: HHH10001008: Cleaning up connection pool [jdbc:h2:tcp://localhost/~/jpa;MODE=LEGACY]
5월 06, 2023 7:14:09 오후 org.hibernate.jpa.internal.util.LogHelper logPersistenceUnitInformation
INFO: HHH000204: Processing PersistenceUnitInfo [
	name: test_persistence_config
	...]
5월 06, 2023 7:14:09 오후 org.hibernate.engine.jdbc.connections.internal.DriverManagerConnectionProviderImpl configure
WARN: HHH10001002: Using Hibernate built-in connection pool (not for production use!)
5월 06, 2023 7:14:09 오후 org.hibernate.engine.jdbc.connections.internal.DriverManagerConnectionProviderImpl buildCreator
INFO: HHH10001005: using driver [org.h2.Driver] at URL [jdbc:h2:tcp://localhost/~/jpa;MODE=LEGACY]
5월 06, 2023 7:14:09 오후 org.hibernate.engine.jdbc.connections.internal.DriverManagerConnectionProviderImpl buildCreator
INFO: HHH10001001: Connection properties: {user=sa}
5월 06, 2023 7:14:09 오후 org.hibernate.engine.jdbc.connections.internal.DriverManagerConnectionProviderImpl buildCreator
INFO: HHH10001003: Autocommit mode: false
5월 06, 2023 7:14:09 오후 org.hibernate.engine.jdbc.connections.internal.DriverManagerConnectionProviderImpl$PooledConnections <init>
INFO: HHH000115: Hibernate connection pool size: 20 (min=1)
5월 06, 2023 7:14:09 오후 org.hibernate.dialect.Dialect <init>
INFO: HHH000400: Using dialect: org.hibernate.dialect.H2Dialect
5월 06, 2023 7:14:09 오후 org.hibernate.resource.transaction.backend.jdbc.internal.DdlTransactionIsolatorNonJtaImpl getIsolatedConnection
INFO: HHH10001501: Connection obtained from JdbcConnectionAccess [org.hibernate.engine.jdbc.env.internal.JdbcEnvironmentInitiator$ConnectionProviderJdbcConnectionAccess@6eb57143] for (non-JTA) DDL execution was not in auto-commit mode; the Connection 'local transaction' will be committed and the Connection will be set into auto-commit mode.
5월 06, 2023 7:14:09 오후 org.hibernate.resource.transaction.backend.jdbc.internal.DdlTransactionIsolatorNonJtaImpl getIsolatedConnection
INFO: HHH10001501: Connection obtained from JdbcConnectionAccess [org.hibernate.engine.jdbc.env.internal.JdbcEnvironmentInitiator$ConnectionProviderJdbcConnectionAccess@15861e02] for (non-JTA) DDL execution was not in auto-commit mode; the Connection 'local transaction' will be committed and the Connection will be set into auto-commit mode.
5월 06, 2023 7:14:09 오후 org.hibernate.tool.schema.internal.SchemaCreatorImpl applyImportSources
INFO: HHH000476: Executing import script 'org.hibernate.tool.schema.internal.exec.ScriptSourceInputNonExistentImpl@6df8da20'
5월 06, 2023 7:14:09 오후 org.hibernate.hql.internal.QueryTranslatorFactoryInitiator initiateService
INFO: HHH000397: Using ASTQueryTranslatorFactory
5월 06, 2023 7:14:09 오후 org.hibernate.tool.schema.internal.SchemaDropperImpl$DelayedDropActionImpl perform
INFO: HHH000477: Starting delayed evictData of schema as part of SessionFactory shut-down'
5월 06, 2023 7:14:09 오후 org.hibernate.resource.transaction.backend.jdbc.internal.DdlTransactionIsolatorNonJtaImpl getIsolatedConnection
INFO: HHH10001501: Connection obtained from JdbcConnectionAccess [org.hibernate.engine.jdbc.env.internal.JdbcEnvironmentInitiator$ConnectionProviderJdbcConnectionAccess@6c1a6f68] for (non-JTA) DDL execution was not in auto-commit mode; the Connection 'local transaction' will be committed and the Connection will be set into auto-commit mode.
5월 06, 2023 7:14:09 오후 org.hibernate.engine.jdbc.connections.internal.DriverManagerConnectionProviderImpl stop
INFO: HHH10001008: Cleaning up connection pool [jdbc:h2:tcp://localhost/~/jpa;MODE=LEGACY]
5월 06, 2023 7:14:09 오후 org.hibernate.jpa.internal.util.LogHelper logPersistenceUnitInformation
INFO: HHH000204: Processing PersistenceUnitInfo [
	name: test_persistence_config
	...]
5월 06, 2023 7:14:09 오후 org.hibernate.engine.jdbc.connections.internal.DriverManagerConnectionProviderImpl configure
WARN: HHH10001002: Using Hibernate built-in connection pool (not for production use!)
5월 06, 2023 7:14:09 오후 org.hibernate.engine.jdbc.connections.internal.DriverManagerConnectionProviderImpl buildCreator
INFO: HHH10001005: using driver [org.h2.Driver] at URL [jdbc:h2:tcp://localhost/~/jpa;MODE=LEGACY]
5월 06, 2023 7:14:09 오후 org.hibernate.engine.jdbc.connections.internal.DriverManagerConnectionProviderImpl buildCreator
INFO: HHH10001001: Connection properties: {user=sa}
5월 06, 2023 7:14:09 오후 org.hibernate.engine.jdbc.connections.internal.DriverManagerConnectionProviderImpl buildCreator
INFO: HHH10001003: Autocommit mode: false
5월 06, 2023 7:14:09 오후 org.hibernate.engine.jdbc.connections.internal.DriverManagerConnectionProviderImpl$PooledConnections <init>
INFO: HHH000115: Hibernate connection pool size: 20 (min=1)
5월 06, 2023 7:14:09 오후 org.hibernate.dialect.Dialect <init>
INFO: HHH000400: Using dialect: org.hibernate.dialect.H2Dialect
5월 06, 2023 7:14:10 오후 org.hibernate.resource.transaction.backend.jdbc.internal.DdlTransactionIsolatorNonJtaImpl getIsolatedConnection
INFO: HHH10001501: Connection obtained from JdbcConnectionAccess [org.hibernate.engine.jdbc.env.internal.JdbcEnvironmentInitiator$ConnectionProviderJdbcConnectionAccess@52ed2cd8] for (non-JTA) DDL execution was not in auto-commit mode; the Connection 'local transaction' will be committed and the Connection will be set into auto-commit mode.
5월 06, 2023 7:14:10 오후 org.hibernate.resource.transaction.backend.jdbc.internal.DdlTransactionIsolatorNonJtaImpl getIsolatedConnection
INFO: HHH10001501: Connection obtained from JdbcConnectionAccess [org.hibernate.engine.jdbc.env.internal.JdbcEnvironmentInitiator$ConnectionProviderJdbcConnectionAccess@4678c3bf] for (non-JTA) DDL execution was not in auto-commit mode; the Connection 'local transaction' will be committed and the Connection will be set into auto-commit mode.
5월 06, 2023 7:14:10 오후 org.hibernate.tool.schema.internal.SchemaCreatorImpl applyImportSources
INFO: HHH000476: Executing import script 'org.hibernate.tool.schema.internal.exec.ScriptSourceInputNonExistentImpl@6df8da20'
5월 06, 2023 7:14:10 오후 org.hibernate.hql.internal.QueryTranslatorFactoryInitiator initiateService
INFO: HHH000397: Using ASTQueryTranslatorFactory
5월 06, 2023 7:14:10 오후 org.hibernate.tool.schema.internal.SchemaDropperImpl$DelayedDropActionImpl perform
INFO: HHH000477: Starting delayed evictData of schema as part of SessionFactory shut-down'
5월 06, 2023 7:14:10 오후 org.hibernate.resource.transaction.backend.jdbc.internal.DdlTransactionIsolatorNonJtaImpl getIsolatedConnection
INFO: HHH10001501: Connection obtained from JdbcConnectionAccess [org.hibernate.engine.jdbc.env.internal.JdbcEnvironmentInitiator$ConnectionProviderJdbcConnectionAccess@531ca807] for (non-JTA) DDL execution was not in auto-commit mode; the Connection 'local transaction' will be committed and the Connection will be set into auto-commit mode.
5월 06, 2023 7:14:10 오후 org.hibernate.engine.jdbc.connections.internal.DriverManagerConnectionProviderImpl stop
INFO: HHH10001008: Cleaning up connection pool [jdbc:h2:tcp://localhost/~/jpa;MODE=LEGACY]
5월 06, 2023 7:14:10 오후 org.hibernate.jpa.internal.util.LogHelper logPersistenceUnitInformation
INFO: HHH000204: Processing PersistenceUnitInfo [
	name: test_persistence_config
	...]
5월 06, 2023 7:14:10 오후 org.hibernate.engine.jdbc.connections.internal.DriverManagerConnectionProviderImpl configure
WARN: HHH10001002: Using Hibernate built-in connection pool (not for production use!)
5월 06, 2023 7:14:10 오후 org.hibernate.engine.jdbc.connections.internal.DriverManagerConnectionProviderImpl buildCreator
INFO: HHH10001005: using driver [org.h2.Driver] at URL [jdbc:h2:tcp://localhost/~/jpa;MODE=LEGACY]
5월 06, 2023 7:14:10 오후 org.hibernate.engine.jdbc.connections.internal.DriverManagerConnectionProviderImpl buildCreator
INFO: HHH10001001: Connection properties: {user=sa}
5월 06, 2023 7:14:10 오후 org.hibernate.engine.jdbc.connections.internal.DriverManagerConnectionProviderImpl buildCreator
INFO: HHH10001003: Autocommit mode: false
5월 06, 2023 7:14:10 오후 org.hibernate.engine.jdbc.connections.internal.DriverManagerConnectionProviderImpl$PooledConnections <init>
INFO: HHH000115: Hibernate connection pool size: 20 (min=1)
5월 06, 2023 7:14:10 오후 org.hibernate.dialect.Dialect <init>
INFO: HHH000400: Using dialect: org.hibernate.dialect.H2Dialect
5월 06, 2023 7:14:10 오후 org.hibernate.resource.transaction.backend.jdbc.internal.DdlTransactionIsolatorNonJtaImpl getIsolatedConnection
INFO: HHH10001501: Connection obtained from JdbcConnectionAccess [org.hibernate.engine.jdbc.env.internal.JdbcEnvironmentInitiator$ConnectionProviderJdbcConnectionAccess@867020a] for (non-JTA) DDL execution was not in auto-commit mode; the Connection 'local transaction' will be committed and the Connection will be set into auto-commit mode.
5월 06, 2023 7:14:10 오후 org.hibernate.resource.transaction.backend.jdbc.internal.DdlTransactionIsolatorNonJtaImpl getIsolatedConnection
INFO: HHH10001501: Connection obtained from JdbcConnectionAccess [org.hibernate.engine.jdbc.env.internal.JdbcEnvironmentInitiator$ConnectionProviderJdbcConnectionAccess@59d49f96] for (non-JTA) DDL execution was not in auto-commit mode; the Connection 'local transaction' will be committed and the Connection will be set into auto-commit mode.
5월 06, 2023 7:14:10 오후 org.hibernate.tool.schema.internal.SchemaCreatorImpl applyImportSources
INFO: HHH000476: Executing import script 'org.hibernate.tool.schema.internal.exec.ScriptSourceInputNonExistentImpl@6df8da20'
5월 06, 2023 7:14:10 오후 org.hibernate.hql.internal.QueryTranslatorFactoryInitiator initiateService
INFO: HHH000397: Using ASTQueryTranslatorFactory
5월 06, 2023 7:14:10 오후 org.hibernate.tool.schema.internal.SchemaDropperImpl$DelayedDropActionImpl perform
INFO: HHH000477: Starting delayed evictData of schema as part of SessionFactory shut-down'
5월 06, 2023 7:14:10 오후 org.hibernate.resource.transaction.backend.jdbc.internal.DdlTransactionIsolatorNonJtaImpl getIsolatedConnection
INFO: HHH10001501: Connection obtained from JdbcConnectionAccess [org.hibernate.engine.jdbc.env.internal.JdbcEnvironmentInitiator$ConnectionProviderJdbcConnectionAccess@39879832] for (non-JTA) DDL execution was not in auto-commit mode; the Connection 'local transaction' will be committed and the Connection will be set into auto-commit mode.
5월 06, 2023 7:14:10 오후 org.hibernate.engine.jdbc.connections.internal.DriverManagerConnectionProviderImpl stop
INFO: HHH10001008: Cleaning up connection pool [jdbc:h2:tcp://localhost/~/jpa;MODE=LEGACY]
]]></system-err>
</testsuite>
