<?xml version="1.0" encoding="UTF-8"?>
<testsuite name="com.binghe.ProjectionTest" tests="5" skipped="0" failures="0" errors="0" timestamp="2023-05-06T10:12:16" hostname="MacBook-Pro-52.local" time="0.307">
  <properties/>
  <testcase name="스칼라 프로젝션 - Query와 Object[]를 통한 쿼리" classname="com.binghe.ProjectionTest" time="0.043"/>
  <testcase name="엔티티 프로젝션 - SELECT 대상이 되는 결과 엔티티는 모두 영속성 컨텍스트에 의해 관리된다." classname="com.binghe.ProjectionTest" time="0.087"/>
  <testcase name="엔티티 프로젝션 - 연관관계 주인이 아닌 엔티티를 조회하면 join 쿼리(암묵적)가 날라간다. (동일하게 영속성 컨텍스트에 의해 관리된다.)" classname="com.binghe.ProjectionTest" time="0.068"/>
  <testcase name="스칼라 프로젝션 - new 명령어로 조회 (Dto 객체 사용)" classname="com.binghe.ProjectionTest" time="0.06"/>
  <testcase name="임베디드 타입 프로젝션 - 임베디드 타입의 값만 쿼리해서 가져온다." classname="com.binghe.ProjectionTest" time="0.048"/>
  <system-out><![CDATA[Hibernate: 
    
    drop table Member if exists
Hibernate: 
    
    drop table ORDERS if exists
Hibernate: 
    
    drop table Product if exists
Hibernate: 
    
    drop table Team if exists
Hibernate: 
    
    create table Member (
       id bigint generated by default as identity,
        age integer not null,
        name varchar(255),
        team_id bigint,
        primary key (id)
    )
Hibernate: 
    
    create table ORDERS (
       id bigint generated by default as identity,
        city varchar(255),
        street varchar(255),
        zipcode varchar(255),
        orderAmount integer not null,
        product_id bigint,
        primary key (id)
    )
Hibernate: 
    
    create table Product (
       id bigint generated by default as identity,
        name varchar(255),
        price integer not null,
        stockAmount integer not null,
        primary key (id)
    )
Hibernate: 
    
    create table Team (
       id bigint generated by default as identity,
        name varchar(255),
        primary key (id)
    )
Hibernate: 
    
    alter table Member 
       add constraint FK5nt1mnqvskefwe0nj9yjm4eav 
       foreign key (team_id) 
       references Team
Hibernate: 
    
    alter table ORDERS 
       add constraint FK5bh03ntvefpobkk6oum8h2b7p 
       foreign key (product_id) 
       references Product
Hibernate: 
    /* insert com.binghe.Member
        */ insert 
        into
            Member
            (id, age, name, team_id) 
        values
            (null, ?, ?, ?)
Hibernate: 
    /* select
        m.name,
        m.age 
    from
        Member m */ select
            member0_.name as col_0_0_,
            member0_.age as col_1_0_ 
        from
            Member member0_
Hibernate: 
    
    drop table Member if exists
Hibernate: 
    
    drop table ORDERS if exists
Hibernate: 
    
    drop table Product if exists
Hibernate: 
    
    drop table Team if exists
Hibernate: 
    
    drop table Member if exists
Hibernate: 
    
    drop table ORDERS if exists
Hibernate: 
    
    drop table Product if exists
Hibernate: 
    
    drop table Team if exists
Hibernate: 
    
    create table Member (
       id bigint generated by default as identity,
        age integer not null,
        name varchar(255),
        team_id bigint,
        primary key (id)
    )
Hibernate: 
    
    create table ORDERS (
       id bigint generated by default as identity,
        city varchar(255),
        street varchar(255),
        zipcode varchar(255),
        orderAmount integer not null,
        product_id bigint,
        primary key (id)
    )
Hibernate: 
    
    create table Product (
       id bigint generated by default as identity,
        name varchar(255),
        price integer not null,
        stockAmount integer not null,
        primary key (id)
    )
Hibernate: 
    
    create table Team (
       id bigint generated by default as identity,
        name varchar(255),
        primary key (id)
    )
Hibernate: 
    
    alter table Member 
       add constraint FK5nt1mnqvskefwe0nj9yjm4eav 
       foreign key (team_id) 
       references Team
Hibernate: 
    
    alter table ORDERS 
       add constraint FK5bh03ntvefpobkk6oum8h2b7p 
       foreign key (product_id) 
       references Product
Hibernate: 
    /* insert com.binghe.Member
        */ insert 
        into
            Member
            (id, age, name, team_id) 
        values
            (null, ?, ?, ?)
Hibernate: 
    /* select
        m 
    from
        Member m */ select
            member0_.id as id1_0_,
            member0_.age as age2_0_,
            member0_.name as name3_0_,
            member0_.team_id as team_id4_0_ 
        from
            Member member0_
Hibernate: 
    /* update
        com.binghe.Member */ update
            Member 
        set
            age=?,
            name=?,
            team_id=? 
        where
            id=?
Hibernate: 
    /* select
        m 
    from
        Member m */ select
            member0_.id as id1_0_,
            member0_.age as age2_0_,
            member0_.name as name3_0_,
            member0_.team_id as team_id4_0_ 
        from
            Member member0_
Hibernate: 
    
    drop table Member if exists
Hibernate: 
    
    drop table ORDERS if exists
Hibernate: 
    
    drop table Product if exists
Hibernate: 
    
    drop table Team if exists
Hibernate: 
    
    drop table Member if exists
Hibernate: 
    
    drop table ORDERS if exists
Hibernate: 
    
    drop table Product if exists
Hibernate: 
    
    drop table Team if exists
Hibernate: 
    
    create table Member (
       id bigint generated by default as identity,
        age integer not null,
        name varchar(255),
        team_id bigint,
        primary key (id)
    )
Hibernate: 
    
    create table ORDERS (
       id bigint generated by default as identity,
        city varchar(255),
        street varchar(255),
        zipcode varchar(255),
        orderAmount integer not null,
        product_id bigint,
        primary key (id)
    )
Hibernate: 
    
    create table Product (
       id bigint generated by default as identity,
        name varchar(255),
        price integer not null,
        stockAmount integer not null,
        primary key (id)
    )
Hibernate: 
    
    create table Team (
       id bigint generated by default as identity,
        name varchar(255),
        primary key (id)
    )
Hibernate: 
    
    alter table Member 
       add constraint FK5nt1mnqvskefwe0nj9yjm4eav 
       foreign key (team_id) 
       references Team
Hibernate: 
    
    alter table ORDERS 
       add constraint FK5bh03ntvefpobkk6oum8h2b7p 
       foreign key (product_id) 
       references Product
Hibernate: 
    /* insert com.binghe.Team
        */ insert 
        into
            Team
            (id, name) 
        values
            (null, ?)
Hibernate: 
    /* insert com.binghe.Member
        */ insert 
        into
            Member
            (id, age, name, team_id) 
        values
            (null, ?, ?, ?)
Hibernate: 
    /* select
        m.team 
    from
        Member m */ select
            team1_.id as id1_3_,
            team1_.name as name2_3_ 
        from
            Member member0_ 
        inner join
            Team team1_ 
                on member0_.team_id=team1_.id
Hibernate: 
    /* update
        com.binghe.Team */ update
            Team 
        set
            name=? 
        where
            id=?
Hibernate: 
    /* select
        m.team 
    from
        Member m */ select
            team1_.id as id1_3_,
            team1_.name as name2_3_ 
        from
            Member member0_ 
        inner join
            Team team1_ 
                on member0_.team_id=team1_.id
Hibernate: 
    
    drop table Member if exists
Hibernate: 
    
    drop table ORDERS if exists
Hibernate: 
    
    drop table Product if exists
Hibernate: 
    
    drop table Team if exists
Hibernate: 
    
    drop table Member if exists
Hibernate: 
    
    drop table ORDERS if exists
Hibernate: 
    
    drop table Product if exists
Hibernate: 
    
    drop table Team if exists
Hibernate: 
    
    create table Member (
       id bigint generated by default as identity,
        age integer not null,
        name varchar(255),
        team_id bigint,
        primary key (id)
    )
Hibernate: 
    
    create table ORDERS (
       id bigint generated by default as identity,
        city varchar(255),
        street varchar(255),
        zipcode varchar(255),
        orderAmount integer not null,
        product_id bigint,
        primary key (id)
    )
Hibernate: 
    
    create table Product (
       id bigint generated by default as identity,
        name varchar(255),
        price integer not null,
        stockAmount integer not null,
        primary key (id)
    )
Hibernate: 
    
    create table Team (
       id bigint generated by default as identity,
        name varchar(255),
        primary key (id)
    )
Hibernate: 
    
    alter table Member 
       add constraint FK5nt1mnqvskefwe0nj9yjm4eav 
       foreign key (team_id) 
       references Team
Hibernate: 
    
    alter table ORDERS 
       add constraint FK5bh03ntvefpobkk6oum8h2b7p 
       foreign key (product_id) 
       references Product
Hibernate: 
    /* insert com.binghe.Member
        */ insert 
        into
            Member
            (id, age, name, team_id) 
        values
            (null, ?, ?, ?)
Hibernate: 
    /* select
        new com.binghe.MemberDto(m.name,
        m.age) 
    from
        Member m */ select
            member0_.name as col_0_0_,
            member0_.age as col_1_0_ 
        from
            Member member0_
Hibernate: 
    
    drop table Member if exists
Hibernate: 
    
    drop table ORDERS if exists
Hibernate: 
    
    drop table Product if exists
Hibernate: 
    
    drop table Team if exists
Hibernate: 
    
    drop table Member if exists
Hibernate: 
    
    drop table ORDERS if exists
Hibernate: 
    
    drop table Product if exists
Hibernate: 
    
    drop table Team if exists
Hibernate: 
    
    create table Member (
       id bigint generated by default as identity,
        age integer not null,
        name varchar(255),
        team_id bigint,
        primary key (id)
    )
Hibernate: 
    
    create table ORDERS (
       id bigint generated by default as identity,
        city varchar(255),
        street varchar(255),
        zipcode varchar(255),
        orderAmount integer not null,
        product_id bigint,
        primary key (id)
    )
Hibernate: 
    
    create table Product (
       id bigint generated by default as identity,
        name varchar(255),
        price integer not null,
        stockAmount integer not null,
        primary key (id)
    )
Hibernate: 
    
    create table Team (
       id bigint generated by default as identity,
        name varchar(255),
        primary key (id)
    )
Hibernate: 
    
    alter table Member 
       add constraint FK5nt1mnqvskefwe0nj9yjm4eav 
       foreign key (team_id) 
       references Team
Hibernate: 
    
    alter table ORDERS 
       add constraint FK5bh03ntvefpobkk6oum8h2b7p 
       foreign key (product_id) 
       references Product
Hibernate: 
    /* insert com.binghe.Order
        */ insert 
        into
            ORDERS
            (id, city, street, zipcode, orderAmount, product_id) 
        values
            (null, ?, ?, ?, ?, ?)
Hibernate: 
    /* select
        o.address 
    from
        
    Order o */ select
        order0_.city as col_0_0_,
        order0_.street as col_0_1_,
        order0_.zipcode as col_0_2_ from
            ORDERS order0_
Hibernate: 
    
    drop table Member if exists
Hibernate: 
    
    drop table ORDERS if exists
Hibernate: 
    
    drop table Product if exists
Hibernate: 
    
    drop table Team if exists
]]></system-out>
  <system-err><![CDATA[5월 06, 2023 7:12:16 오후 org.hibernate.jpa.internal.util.LogHelper logPersistenceUnitInformation
INFO: HHH000204: Processing PersistenceUnitInfo [
	name: test_persistence_config
	...]
5월 06, 2023 7:12:16 오후 org.hibernate.engine.jdbc.connections.internal.DriverManagerConnectionProviderImpl configure
WARN: HHH10001002: Using Hibernate built-in connection pool (not for production use!)
5월 06, 2023 7:12:16 오후 org.hibernate.engine.jdbc.connections.internal.DriverManagerConnectionProviderImpl buildCreator
INFO: HHH10001005: using driver [org.h2.Driver] at URL [jdbc:h2:tcp://localhost/~/jpa;MODE=LEGACY]
5월 06, 2023 7:12:16 오후 org.hibernate.engine.jdbc.connections.internal.DriverManagerConnectionProviderImpl buildCreator
INFO: HHH10001001: Connection properties: {user=sa}
5월 06, 2023 7:12:16 오후 org.hibernate.engine.jdbc.connections.internal.DriverManagerConnectionProviderImpl buildCreator
INFO: HHH10001003: Autocommit mode: false
5월 06, 2023 7:12:16 오후 org.hibernate.engine.jdbc.connections.internal.DriverManagerConnectionProviderImpl$PooledConnections <init>
INFO: HHH000115: Hibernate connection pool size: 20 (min=1)
5월 06, 2023 7:12:16 오후 org.hibernate.dialect.Dialect <init>
INFO: HHH000400: Using dialect: org.hibernate.dialect.H2Dialect
5월 06, 2023 7:12:16 오후 org.hibernate.resource.transaction.backend.jdbc.internal.DdlTransactionIsolatorNonJtaImpl getIsolatedConnection
INFO: HHH10001501: Connection obtained from JdbcConnectionAccess [org.hibernate.engine.jdbc.env.internal.JdbcEnvironmentInitiator$ConnectionProviderJdbcConnectionAccess@4005d98a] for (non-JTA) DDL execution was not in auto-commit mode; the Connection 'local transaction' will be committed and the Connection will be set into auto-commit mode.
5월 06, 2023 7:12:16 오후 org.hibernate.resource.transaction.backend.jdbc.internal.DdlTransactionIsolatorNonJtaImpl getIsolatedConnection
INFO: HHH10001501: Connection obtained from JdbcConnectionAccess [org.hibernate.engine.jdbc.env.internal.JdbcEnvironmentInitiator$ConnectionProviderJdbcConnectionAccess@77fbdf7d] for (non-JTA) DDL execution was not in auto-commit mode; the Connection 'local transaction' will be committed and the Connection will be set into auto-commit mode.
5월 06, 2023 7:12:16 오후 org.hibernate.tool.schema.internal.SchemaCreatorImpl applyImportSources
INFO: HHH000476: Executing import script 'org.hibernate.tool.schema.internal.exec.ScriptSourceInputNonExistentImpl@56893c44'
5월 06, 2023 7:12:16 오후 org.hibernate.hql.internal.QueryTranslatorFactoryInitiator initiateService
INFO: HHH000397: Using ASTQueryTranslatorFactory
5월 06, 2023 7:12:16 오후 org.hibernate.tool.schema.internal.SchemaDropperImpl$DelayedDropActionImpl perform
INFO: HHH000477: Starting delayed evictData of schema as part of SessionFactory shut-down'
5월 06, 2023 7:12:16 오후 org.hibernate.resource.transaction.backend.jdbc.internal.DdlTransactionIsolatorNonJtaImpl getIsolatedConnection
INFO: HHH10001501: Connection obtained from JdbcConnectionAccess [org.hibernate.engine.jdbc.env.internal.JdbcEnvironmentInitiator$ConnectionProviderJdbcConnectionAccess@65dc2300] for (non-JTA) DDL execution was not in auto-commit mode; the Connection 'local transaction' will be committed and the Connection will be set into auto-commit mode.
5월 06, 2023 7:12:16 오후 org.hibernate.engine.jdbc.connections.internal.DriverManagerConnectionProviderImpl stop
INFO: HHH10001008: Cleaning up connection pool [jdbc:h2:tcp://localhost/~/jpa;MODE=LEGACY]
5월 06, 2023 7:12:16 오후 org.hibernate.jpa.internal.util.LogHelper logPersistenceUnitInformation
INFO: HHH000204: Processing PersistenceUnitInfo [
	name: test_persistence_config
	...]
5월 06, 2023 7:12:16 오후 org.hibernate.engine.jdbc.connections.internal.DriverManagerConnectionProviderImpl configure
WARN: HHH10001002: Using Hibernate built-in connection pool (not for production use!)
5월 06, 2023 7:12:16 오후 org.hibernate.engine.jdbc.connections.internal.DriverManagerConnectionProviderImpl buildCreator
INFO: HHH10001005: using driver [org.h2.Driver] at URL [jdbc:h2:tcp://localhost/~/jpa;MODE=LEGACY]
5월 06, 2023 7:12:16 오후 org.hibernate.engine.jdbc.connections.internal.DriverManagerConnectionProviderImpl buildCreator
INFO: HHH10001001: Connection properties: {user=sa}
5월 06, 2023 7:12:16 오후 org.hibernate.engine.jdbc.connections.internal.DriverManagerConnectionProviderImpl buildCreator
INFO: HHH10001003: Autocommit mode: false
5월 06, 2023 7:12:16 오후 org.hibernate.engine.jdbc.connections.internal.DriverManagerConnectionProviderImpl$PooledConnections <init>
INFO: HHH000115: Hibernate connection pool size: 20 (min=1)
5월 06, 2023 7:12:16 오후 org.hibernate.dialect.Dialect <init>
INFO: HHH000400: Using dialect: org.hibernate.dialect.H2Dialect
5월 06, 2023 7:12:16 오후 org.hibernate.resource.transaction.backend.jdbc.internal.DdlTransactionIsolatorNonJtaImpl getIsolatedConnection
INFO: HHH10001501: Connection obtained from JdbcConnectionAccess [org.hibernate.engine.jdbc.env.internal.JdbcEnvironmentInitiator$ConnectionProviderJdbcConnectionAccess@5bfe3109] for (non-JTA) DDL execution was not in auto-commit mode; the Connection 'local transaction' will be committed and the Connection will be set into auto-commit mode.
5월 06, 2023 7:12:16 오후 org.hibernate.resource.transaction.backend.jdbc.internal.DdlTransactionIsolatorNonJtaImpl getIsolatedConnection
INFO: HHH10001501: Connection obtained from JdbcConnectionAccess [org.hibernate.engine.jdbc.env.internal.JdbcEnvironmentInitiator$ConnectionProviderJdbcConnectionAccess@7d926a64] for (non-JTA) DDL execution was not in auto-commit mode; the Connection 'local transaction' will be committed and the Connection will be set into auto-commit mode.
5월 06, 2023 7:12:16 오후 org.hibernate.tool.schema.internal.SchemaCreatorImpl applyImportSources
INFO: HHH000476: Executing import script 'org.hibernate.tool.schema.internal.exec.ScriptSourceInputNonExistentImpl@56893c44'
5월 06, 2023 7:12:16 오후 org.hibernate.hql.internal.QueryTranslatorFactoryInitiator initiateService
INFO: HHH000397: Using ASTQueryTranslatorFactory
5월 06, 2023 7:12:17 오후 org.hibernate.tool.schema.internal.SchemaDropperImpl$DelayedDropActionImpl perform
INFO: HHH000477: Starting delayed evictData of schema as part of SessionFactory shut-down'
5월 06, 2023 7:12:17 오후 org.hibernate.resource.transaction.backend.jdbc.internal.DdlTransactionIsolatorNonJtaImpl getIsolatedConnection
INFO: HHH10001501: Connection obtained from JdbcConnectionAccess [org.hibernate.engine.jdbc.env.internal.JdbcEnvironmentInitiator$ConnectionProviderJdbcConnectionAccess@1c55f6c1] for (non-JTA) DDL execution was not in auto-commit mode; the Connection 'local transaction' will be committed and the Connection will be set into auto-commit mode.
5월 06, 2023 7:12:17 오후 org.hibernate.engine.jdbc.connections.internal.DriverManagerConnectionProviderImpl stop
INFO: HHH10001008: Cleaning up connection pool [jdbc:h2:tcp://localhost/~/jpa;MODE=LEGACY]
5월 06, 2023 7:12:17 오후 org.hibernate.jpa.internal.util.LogHelper logPersistenceUnitInformation
INFO: HHH000204: Processing PersistenceUnitInfo [
	name: test_persistence_config
	...]
5월 06, 2023 7:12:17 오후 org.hibernate.engine.jdbc.connections.internal.DriverManagerConnectionProviderImpl configure
WARN: HHH10001002: Using Hibernate built-in connection pool (not for production use!)
5월 06, 2023 7:12:17 오후 org.hibernate.engine.jdbc.connections.internal.DriverManagerConnectionProviderImpl buildCreator
INFO: HHH10001005: using driver [org.h2.Driver] at URL [jdbc:h2:tcp://localhost/~/jpa;MODE=LEGACY]
5월 06, 2023 7:12:17 오후 org.hibernate.engine.jdbc.connections.internal.DriverManagerConnectionProviderImpl buildCreator
INFO: HHH10001001: Connection properties: {user=sa}
5월 06, 2023 7:12:17 오후 org.hibernate.engine.jdbc.connections.internal.DriverManagerConnectionProviderImpl buildCreator
INFO: HHH10001003: Autocommit mode: false
5월 06, 2023 7:12:17 오후 org.hibernate.engine.jdbc.connections.internal.DriverManagerConnectionProviderImpl$PooledConnections <init>
INFO: HHH000115: Hibernate connection pool size: 20 (min=1)
5월 06, 2023 7:12:17 오후 org.hibernate.dialect.Dialect <init>
INFO: HHH000400: Using dialect: org.hibernate.dialect.H2Dialect
5월 06, 2023 7:12:17 오후 org.hibernate.resource.transaction.backend.jdbc.internal.DdlTransactionIsolatorNonJtaImpl getIsolatedConnection
INFO: HHH10001501: Connection obtained from JdbcConnectionAccess [org.hibernate.engine.jdbc.env.internal.JdbcEnvironmentInitiator$ConnectionProviderJdbcConnectionAccess@4a44dacf] for (non-JTA) DDL execution was not in auto-commit mode; the Connection 'local transaction' will be committed and the Connection will be set into auto-commit mode.
5월 06, 2023 7:12:17 오후 org.hibernate.resource.transaction.backend.jdbc.internal.DdlTransactionIsolatorNonJtaImpl getIsolatedConnection
INFO: HHH10001501: Connection obtained from JdbcConnectionAccess [org.hibernate.engine.jdbc.env.internal.JdbcEnvironmentInitiator$ConnectionProviderJdbcConnectionAccess@5cc6ffa6] for (non-JTA) DDL execution was not in auto-commit mode; the Connection 'local transaction' will be committed and the Connection will be set into auto-commit mode.
5월 06, 2023 7:12:17 오후 org.hibernate.tool.schema.internal.SchemaCreatorImpl applyImportSources
INFO: HHH000476: Executing import script 'org.hibernate.tool.schema.internal.exec.ScriptSourceInputNonExistentImpl@56893c44'
5월 06, 2023 7:12:17 오후 org.hibernate.hql.internal.QueryTranslatorFactoryInitiator initiateService
INFO: HHH000397: Using ASTQueryTranslatorFactory
5월 06, 2023 7:12:17 오후 org.hibernate.tool.schema.internal.SchemaDropperImpl$DelayedDropActionImpl perform
INFO: HHH000477: Starting delayed evictData of schema as part of SessionFactory shut-down'
5월 06, 2023 7:12:17 오후 org.hibernate.resource.transaction.backend.jdbc.internal.DdlTransactionIsolatorNonJtaImpl getIsolatedConnection
INFO: HHH10001501: Connection obtained from JdbcConnectionAccess [org.hibernate.engine.jdbc.env.internal.JdbcEnvironmentInitiator$ConnectionProviderJdbcConnectionAccess@35578ed3] for (non-JTA) DDL execution was not in auto-commit mode; the Connection 'local transaction' will be committed and the Connection will be set into auto-commit mode.
5월 06, 2023 7:12:17 오후 org.hibernate.engine.jdbc.connections.internal.DriverManagerConnectionProviderImpl stop
INFO: HHH10001008: Cleaning up connection pool [jdbc:h2:tcp://localhost/~/jpa;MODE=LEGACY]
5월 06, 2023 7:12:17 오후 org.hibernate.jpa.internal.util.LogHelper logPersistenceUnitInformation
INFO: HHH000204: Processing PersistenceUnitInfo [
	name: test_persistence_config
	...]
5월 06, 2023 7:12:17 오후 org.hibernate.engine.jdbc.connections.internal.DriverManagerConnectionProviderImpl configure
WARN: HHH10001002: Using Hibernate built-in connection pool (not for production use!)
5월 06, 2023 7:12:17 오후 org.hibernate.engine.jdbc.connections.internal.DriverManagerConnectionProviderImpl buildCreator
INFO: HHH10001005: using driver [org.h2.Driver] at URL [jdbc:h2:tcp://localhost/~/jpa;MODE=LEGACY]
5월 06, 2023 7:12:17 오후 org.hibernate.engine.jdbc.connections.internal.DriverManagerConnectionProviderImpl buildCreator
INFO: HHH10001001: Connection properties: {user=sa}
5월 06, 2023 7:12:17 오후 org.hibernate.engine.jdbc.connections.internal.DriverManagerConnectionProviderImpl buildCreator
INFO: HHH10001003: Autocommit mode: false
5월 06, 2023 7:12:17 오후 org.hibernate.engine.jdbc.connections.internal.DriverManagerConnectionProviderImpl$PooledConnections <init>
INFO: HHH000115: Hibernate connection pool size: 20 (min=1)
5월 06, 2023 7:12:17 오후 org.hibernate.dialect.Dialect <init>
INFO: HHH000400: Using dialect: org.hibernate.dialect.H2Dialect
5월 06, 2023 7:12:17 오후 org.hibernate.resource.transaction.backend.jdbc.internal.DdlTransactionIsolatorNonJtaImpl getIsolatedConnection
INFO: HHH10001501: Connection obtained from JdbcConnectionAccess [org.hibernate.engine.jdbc.env.internal.JdbcEnvironmentInitiator$ConnectionProviderJdbcConnectionAccess@4c58901b] for (non-JTA) DDL execution was not in auto-commit mode; the Connection 'local transaction' will be committed and the Connection will be set into auto-commit mode.
5월 06, 2023 7:12:17 오후 org.hibernate.resource.transaction.backend.jdbc.internal.DdlTransactionIsolatorNonJtaImpl getIsolatedConnection
INFO: HHH10001501: Connection obtained from JdbcConnectionAccess [org.hibernate.engine.jdbc.env.internal.JdbcEnvironmentInitiator$ConnectionProviderJdbcConnectionAccess@70f03f88] for (non-JTA) DDL execution was not in auto-commit mode; the Connection 'local transaction' will be committed and the Connection will be set into auto-commit mode.
5월 06, 2023 7:12:17 오후 org.hibernate.tool.schema.internal.SchemaCreatorImpl applyImportSources
INFO: HHH000476: Executing import script 'org.hibernate.tool.schema.internal.exec.ScriptSourceInputNonExistentImpl@56893c44'
5월 06, 2023 7:12:17 오후 org.hibernate.hql.internal.QueryTranslatorFactoryInitiator initiateService
INFO: HHH000397: Using ASTQueryTranslatorFactory
5월 06, 2023 7:12:17 오후 org.hibernate.tool.schema.internal.SchemaDropperImpl$DelayedDropActionImpl perform
INFO: HHH000477: Starting delayed evictData of schema as part of SessionFactory shut-down'
5월 06, 2023 7:12:17 오후 org.hibernate.resource.transaction.backend.jdbc.internal.DdlTransactionIsolatorNonJtaImpl getIsolatedConnection
INFO: HHH10001501: Connection obtained from JdbcConnectionAccess [org.hibernate.engine.jdbc.env.internal.JdbcEnvironmentInitiator$ConnectionProviderJdbcConnectionAccess@40492f4b] for (non-JTA) DDL execution was not in auto-commit mode; the Connection 'local transaction' will be committed and the Connection will be set into auto-commit mode.
5월 06, 2023 7:12:17 오후 org.hibernate.engine.jdbc.connections.internal.DriverManagerConnectionProviderImpl stop
INFO: HHH10001008: Cleaning up connection pool [jdbc:h2:tcp://localhost/~/jpa;MODE=LEGACY]
5월 06, 2023 7:12:17 오후 org.hibernate.jpa.internal.util.LogHelper logPersistenceUnitInformation
INFO: HHH000204: Processing PersistenceUnitInfo [
	name: test_persistence_config
	...]
5월 06, 2023 7:12:17 오후 org.hibernate.engine.jdbc.connections.internal.DriverManagerConnectionProviderImpl configure
WARN: HHH10001002: Using Hibernate built-in connection pool (not for production use!)
5월 06, 2023 7:12:17 오후 org.hibernate.engine.jdbc.connections.internal.DriverManagerConnectionProviderImpl buildCreator
INFO: HHH10001005: using driver [org.h2.Driver] at URL [jdbc:h2:tcp://localhost/~/jpa;MODE=LEGACY]
5월 06, 2023 7:12:17 오후 org.hibernate.engine.jdbc.connections.internal.DriverManagerConnectionProviderImpl buildCreator
INFO: HHH10001001: Connection properties: {user=sa}
5월 06, 2023 7:12:17 오후 org.hibernate.engine.jdbc.connections.internal.DriverManagerConnectionProviderImpl buildCreator
INFO: HHH10001003: Autocommit mode: false
5월 06, 2023 7:12:17 오후 org.hibernate.engine.jdbc.connections.internal.DriverManagerConnectionProviderImpl$PooledConnections <init>
INFO: HHH000115: Hibernate connection pool size: 20 (min=1)
5월 06, 2023 7:12:17 오후 org.hibernate.dialect.Dialect <init>
INFO: HHH000400: Using dialect: org.hibernate.dialect.H2Dialect
5월 06, 2023 7:12:17 오후 org.hibernate.resource.transaction.backend.jdbc.internal.DdlTransactionIsolatorNonJtaImpl getIsolatedConnection
INFO: HHH10001501: Connection obtained from JdbcConnectionAccess [org.hibernate.engine.jdbc.env.internal.JdbcEnvironmentInitiator$ConnectionProviderJdbcConnectionAccess@6e06a9eb] for (non-JTA) DDL execution was not in auto-commit mode; the Connection 'local transaction' will be committed and the Connection will be set into auto-commit mode.
5월 06, 2023 7:12:17 오후 org.hibernate.resource.transaction.backend.jdbc.internal.DdlTransactionIsolatorNonJtaImpl getIsolatedConnection
INFO: HHH10001501: Connection obtained from JdbcConnectionAccess [org.hibernate.engine.jdbc.env.internal.JdbcEnvironmentInitiator$ConnectionProviderJdbcConnectionAccess@7245c035] for (non-JTA) DDL execution was not in auto-commit mode; the Connection 'local transaction' will be committed and the Connection will be set into auto-commit mode.
5월 06, 2023 7:12:17 오후 org.hibernate.tool.schema.internal.SchemaCreatorImpl applyImportSources
INFO: HHH000476: Executing import script 'org.hibernate.tool.schema.internal.exec.ScriptSourceInputNonExistentImpl@56893c44'
5월 06, 2023 7:12:17 오후 org.hibernate.hql.internal.QueryTranslatorFactoryInitiator initiateService
INFO: HHH000397: Using ASTQueryTranslatorFactory
5월 06, 2023 7:12:17 오후 org.hibernate.tool.schema.internal.SchemaDropperImpl$DelayedDropActionImpl perform
INFO: HHH000477: Starting delayed evictData of schema as part of SessionFactory shut-down'
5월 06, 2023 7:12:17 오후 org.hibernate.resource.transaction.backend.jdbc.internal.DdlTransactionIsolatorNonJtaImpl getIsolatedConnection
INFO: HHH10001501: Connection obtained from JdbcConnectionAccess [org.hibernate.engine.jdbc.env.internal.JdbcEnvironmentInitiator$ConnectionProviderJdbcConnectionAccess@63a8471] for (non-JTA) DDL execution was not in auto-commit mode; the Connection 'local transaction' will be committed and the Connection will be set into auto-commit mode.
5월 06, 2023 7:12:17 오후 org.hibernate.engine.jdbc.connections.internal.DriverManagerConnectionProviderImpl stop
INFO: HHH10001008: Cleaning up connection pool [jdbc:h2:tcp://localhost/~/jpa;MODE=LEGACY]
]]></system-err>
</testsuite>
